mode: atomic
github.com/go-pantheon/janus/main.go:5.13,7.2 1 0
github.com/go-pantheon/janus/app/gate/cmd/server/main.go:31.13,33.2 1 0
github.com/go-pantheon/janus/app/gate/cmd/server/main.go:37.15,46.16 3 0
github.com/go-pantheon/janus/app/gate/cmd/server/main.go:46.16,47.13 1 0
github.com/go-pantheon/janus/app/gate/cmd/server/main.go:50.2,59.3 2 0
github.com/go-pantheon/janus/app/gate/cmd/server/main.go:62.13,66.16 3 0
github.com/go-pantheon/janus/app/gate/cmd/server/main.go:66.16,67.13 1 0
github.com/go-pantheon/janus/app/gate/cmd/server/main.go:70.2,76.33 2 0
github.com/go-pantheon/janus/app/gate/cmd/server/main.go:76.33,77.13 1 0
github.com/go-pantheon/janus/app/gate/cmd/server/main.go:80.2,82.36 2 0
github.com/go-pantheon/janus/app/gate/cmd/server/main.go:82.36,83.13 1 0
github.com/go-pantheon/janus/app/gate/cmd/server/main.go:86.2,86.60 1 0
github.com/go-pantheon/janus/app/gate/cmd/server/main.go:86.60,87.13 1 0
github.com/go-pantheon/janus/app/gate/cmd/server/main.go:90.2,92.36 2 0
github.com/go-pantheon/janus/app/gate/cmd/server/main.go:92.36,93.13 1 0
github.com/go-pantheon/janus/app/gate/cmd/server/main.go:96.2,98.36 2 0
github.com/go-pantheon/janus/app/gate/cmd/server/main.go:98.36,99.13 1 0
github.com/go-pantheon/janus/app/gate/cmd/server/main.go:102.2,102.64 1 0
github.com/go-pantheon/janus/app/gate/cmd/server/main.go:102.64,103.13 1 0
github.com/go-pantheon/janus/app/gate/cmd/server/main.go:106.2,106.106 1 0
github.com/go-pantheon/janus/app/gate/cmd/server/main.go:106.106,107.13 1 0
github.com/go-pantheon/janus/app/gate/cmd/server/main.go:110.2,116.16 5 0
github.com/go-pantheon/janus/app/gate/cmd/server/main.go:116.16,117.13 1 0
github.com/go-pantheon/janus/app/gate/cmd/server/main.go:119.2,123.33 3 0
github.com/go-pantheon/janus/app/gate/cmd/server/main.go:123.33,124.13 1 0
github.com/go-pantheon/janus/app/gate/cmd/server/wire_gen.go:26.181,28.16 2 0
github.com/go-pantheon/janus/app/gate/cmd/server/wire_gen.go:28.16,30.3 1 0
github.com/go-pantheon/janus/app/gate/cmd/server/wire_gen.go:31.2,34.16 4 0
github.com/go-pantheon/janus/app/gate/cmd/server/wire_gen.go:34.16,37.3 2 0
github.com/go-pantheon/janus/app/gate/cmd/server/wire_gen.go:38.2,39.16 2 0
github.com/go-pantheon/janus/app/gate/cmd/server/wire_gen.go:39.16,42.3 2 0
github.com/go-pantheon/janus/app/gate/cmd/server/wire_gen.go:43.2,46.16 4 0
github.com/go-pantheon/janus/app/gate/cmd/server/wire_gen.go:46.16,49.3 2 0
github.com/go-pantheon/janus/app/gate/cmd/server/wire_gen.go:50.2,53.16 4 0
github.com/go-pantheon/janus/app/gate/cmd/server/wire_gen.go:53.16,56.3 2 0
github.com/go-pantheon/janus/app/gate/cmd/server/wire_gen.go:57.2,61.16 5 0
github.com/go-pantheon/janus/app/gate/cmd/server/wire_gen.go:61.16,64.3 2 0
github.com/go-pantheon/janus/app/gate/cmd/server/wire_gen.go:65.2,66.21 2 0
github.com/go-pantheon/janus/app/gate/cmd/server/wire_gen.go:66.21,68.3 1 0
github.com/go-pantheon/janus/app/gate/internal/client/etcd.go:22.68,28.16 2 0
github.com/go-pantheon/janus/app/gate/internal/client/etcd.go:28.16,30.3 1 0
github.com/go-pantheon/janus/app/gate/internal/client/etcd.go:32.2,32.30 1 0
github.com/go-pantheon/janus/app/gate/internal/client/room/client.go:16.56,18.2 1 0
github.com/go-pantheon/janus/app/gate/internal/client/room/client.go:24.86,26.16 2 0
github.com/go-pantheon/janus/app/gate/internal/client/room/client.go:26.16,28.3 1 0
github.com/go-pantheon/janus/app/gate/internal/client/room/client.go:30.2,32.8 1 0
github.com/go-pantheon/janus/app/gate/internal/client/room/routetable.go:13.46,17.2 1 0
github.com/go-pantheon/janus/app/gate/internal/conf/conf.pb.go:38.29,43.2 4 0
github.com/go-pantheon/janus/app/gate/internal/conf/conf.pb.go:45.37,47.2 1 0
github.com/go-pantheon/janus/app/gate/internal/conf/conf.pb.go:49.35,49.36 0 0
github.com/go-pantheon/janus/app/gate/internal/conf/conf.pb.go:51.57,53.14 2 0
github.com/go-pantheon/janus/app/gate/internal/conf/conf.pb.go:53.14,55.34 2 0
github.com/go-pantheon/janus/app/gate/internal/conf/conf.pb.go:55.34,57.4 1 0
github.com/go-pantheon/janus/app/gate/internal/conf/conf.pb.go:58.3,58.12 1 0
github.com/go-pantheon/janus/app/gate/internal/conf/conf.pb.go:60.2,60.24 1 0
github.com/go-pantheon/janus/app/gate/internal/conf/conf.pb.go:64.48,66.2 1 0
github.com/go-pantheon/janus/app/gate/internal/conf/conf.pb.go:68.39,69.14 1 0
github.com/go-pantheon/janus/app/gate/internal/conf/conf.pb.go:69.14,71.3 1 0
github.com/go-pantheon/janus/app/gate/internal/conf/conf.pb.go:72.2,72.12 1 0
github.com/go-pantheon/janus/app/gate/internal/conf/conf.pb.go:75.39,76.14 1 0
github.com/go-pantheon/janus/app/gate/internal/conf/conf.pb.go:76.14,78.3 1 0
github.com/go-pantheon/janus/app/gate/internal/conf/conf.pb.go:79.2,79.12 1 0
github.com/go-pantheon/janus/app/gate/internal/conf/conf.pb.go:82.41,83.14 1 0
github.com/go-pantheon/janus/app/gate/internal/conf/conf.pb.go:83.14,85.3 1 0
github.com/go-pantheon/janus/app/gate/internal/conf/conf.pb.go:86.2,86.12 1 0
github.com/go-pantheon/janus/app/gate/internal/conf/conf.pb.go:89.37,90.14 1 0
github.com/go-pantheon/janus/app/gate/internal/conf/conf.pb.go:90.14,92.3 1 0
github.com/go-pantheon/janus/app/gate/internal/conf/conf.pb.go:93.2,93.12 1 0
github.com/go-pantheon/janus/app/gate/internal/conf/conf.pb.go:96.35,97.14 1 0
github.com/go-pantheon/janus/app/gate/internal/conf/conf.pb.go:97.14,99.3 1 0
github.com/go-pantheon/janus/app/gate/internal/conf/conf.pb.go:100.2,100.12 1 0
github.com/go-pantheon/janus/app/gate/internal/conf/conf.pb.go:103.41,104.14 1 0
github.com/go-pantheon/janus/app/gate/internal/conf/conf.pb.go:104.14,106.3 1 0
github.com/go-pantheon/janus/app/gate/internal/conf/conf.pb.go:107.2,107.12 1 0
github.com/go-pantheon/janus/app/gate/internal/conf/conf.pb.go:110.45,111.14 1 0
github.com/go-pantheon/janus/app/gate/internal/conf/conf.pb.go:111.14,113.3 1 0
github.com/go-pantheon/janus/app/gate/internal/conf/conf.pb.go:114.2,114.12 1 0
github.com/go-pantheon/janus/app/gate/internal/conf/conf.pb.go:131.25,136.2 4 0
github.com/go-pantheon/janus/app/gate/internal/conf/conf.pb.go:138.33,140.2 1 0
github.com/go-pantheon/janus/app/gate/internal/conf/conf.pb.go:142.31,142.32 0 0
github.com/go-pantheon/janus/app/gate/internal/conf/conf.pb.go:144.53,146.14 2 0
github.com/go-pantheon/janus/app/gate/internal/conf/conf.pb.go:146.14,148.34 2 0
github.com/go-pantheon/janus/app/gate/internal/conf/conf.pb.go:148.34,150.4 1 0
github.com/go-pantheon/janus/app/gate/internal/conf/conf.pb.go:151.3,151.12 1 0
github.com/go-pantheon/janus/app/gate/internal/conf/conf.pb.go:153.2,153.24 1 0
github.com/go-pantheon/janus/app/gate/internal/conf/conf.pb.go:157.44,159.2 1 0
github.com/go-pantheon/janus/app/gate/internal/conf/conf.pb.go:161.37,162.14 1 0
github.com/go-pantheon/janus/app/gate/internal/conf/conf.pb.go:162.14,164.3 1 0
github.com/go-pantheon/janus/app/gate/internal/conf/conf.pb.go:165.2,165.11 1 0
github.com/go-pantheon/janus/app/gate/internal/conf/conf.pb.go:168.37,169.14 1 0
github.com/go-pantheon/janus/app/gate/internal/conf/conf.pb.go:169.14,171.3 1 0
github.com/go-pantheon/janus/app/gate/internal/conf/conf.pb.go:172.2,172.11 1 0
github.com/go-pantheon/janus/app/gate/internal/conf/conf.pb.go:175.35,176.14 1 0
github.com/go-pantheon/janus/app/gate/internal/conf/conf.pb.go:176.14,178.3 1 0
github.com/go-pantheon/janus/app/gate/internal/conf/conf.pb.go:179.2,179.11 1 0
github.com/go-pantheon/janus/app/gate/internal/conf/conf.pb.go:182.37,183.14 1 0
github.com/go-pantheon/janus/app/gate/internal/conf/conf.pb.go:183.14,185.3 1 0
github.com/go-pantheon/janus/app/gate/internal/conf/conf.pb.go:186.2,186.11 1 0
github.com/go-pantheon/janus/app/gate/internal/conf/conf.pb.go:189.34,190.14 1 0
github.com/go-pantheon/janus/app/gate/internal/conf/conf.pb.go:190.14,192.3 1 0
github.com/go-pantheon/janus/app/gate/internal/conf/conf.pb.go:193.2,193.10 1 0
github.com/go-pantheon/janus/app/gate/internal/conf/conf.pb.go:196.34,197.14 1 0
github.com/go-pantheon/janus/app/gate/internal/conf/conf.pb.go:197.14,199.3 1 0
github.com/go-pantheon/janus/app/gate/internal/conf/conf.pb.go:200.2,200.11 1 0
github.com/go-pantheon/janus/app/gate/internal/conf/conf.pb.go:203.37,204.14 1 0
github.com/go-pantheon/janus/app/gate/internal/conf/conf.pb.go:204.14,206.3 1 0
github.com/go-pantheon/janus/app/gate/internal/conf/conf.pb.go:207.2,207.14 1 0
github.com/go-pantheon/janus/app/gate/internal/conf/conf.pb.go:210.38,211.14 1 0
github.com/go-pantheon/janus/app/gate/internal/conf/conf.pb.go:211.14,213.3 1 0
github.com/go-pantheon/janus/app/gate/internal/conf/conf.pb.go:214.2,214.11 1 0
github.com/go-pantheon/janus/app/gate/internal/conf/conf.pb.go:224.25,229.2 4 0
github.com/go-pantheon/janus/app/gate/internal/conf/conf.pb.go:231.33,233.2 1 0
github.com/go-pantheon/janus/app/gate/internal/conf/conf.pb.go:235.31,235.32 0 0
github.com/go-pantheon/janus/app/gate/internal/conf/conf.pb.go:237.53,239.14 2 0
github.com/go-pantheon/janus/app/gate/internal/conf/conf.pb.go:239.14,241.34 2 0
github.com/go-pantheon/janus/app/gate/internal/conf/conf.pb.go:241.34,243.4 1 0
github.com/go-pantheon/janus/app/gate/internal/conf/conf.pb.go:244.3,244.12 1 0
github.com/go-pantheon/janus/app/gate/internal/conf/conf.pb.go:246.2,246.24 1 0
github.com/go-pantheon/janus/app/gate/internal/conf/conf.pb.go:250.44,252.2 1 0
github.com/go-pantheon/janus/app/gate/internal/conf/conf.pb.go:254.38,255.14 1 0
github.com/go-pantheon/janus/app/gate/internal/conf/conf.pb.go:255.14,257.3 1 0
github.com/go-pantheon/janus/app/gate/internal/conf/conf.pb.go:258.2,258.11 1 0
github.com/go-pantheon/janus/app/gate/internal/conf/conf.pb.go:269.23,274.2 4 0
github.com/go-pantheon/janus/app/gate/internal/conf/conf.pb.go:276.31,278.2 1 0
github.com/go-pantheon/janus/app/gate/internal/conf/conf.pb.go:280.29,280.30 0 0
github.com/go-pantheon/janus/app/gate/internal/conf/conf.pb.go:282.51,284.14 2 0
github.com/go-pantheon/janus/app/gate/internal/conf/conf.pb.go:284.14,286.34 2 0
github.com/go-pantheon/janus/app/gate/internal/conf/conf.pb.go:286.34,288.4 1 0
github.com/go-pantheon/janus/app/gate/internal/conf/conf.pb.go:289.3,289.12 1 0
github.com/go-pantheon/janus/app/gate/internal/conf/conf.pb.go:291.2,291.24 1 0
github.com/go-pantheon/janus/app/gate/internal/conf/conf.pb.go:295.42,297.2 1 0
github.com/go-pantheon/janus/app/gate/internal/conf/conf.pb.go:299.32,300.14 1 0
github.com/go-pantheon/janus/app/gate/internal/conf/conf.pb.go:300.14,302.3 1 0
github.com/go-pantheon/janus/app/gate/internal/conf/conf.pb.go:303.2,303.11 1 0
github.com/go-pantheon/janus/app/gate/internal/conf/conf.pb.go:306.33,307.14 1 0
github.com/go-pantheon/janus/app/gate/internal/conf/conf.pb.go:307.14,309.3 1 0
github.com/go-pantheon/janus/app/gate/internal/conf/conf.pb.go:310.2,310.11 1 0
github.com/go-pantheon/janus/app/gate/internal/conf/conf.pb.go:321.28,326.2 4 0
github.com/go-pantheon/janus/app/gate/internal/conf/conf.pb.go:328.36,330.2 1 0
github.com/go-pantheon/janus/app/gate/internal/conf/conf.pb.go:332.34,332.35 0 0
github.com/go-pantheon/janus/app/gate/internal/conf/conf.pb.go:334.56,336.14 2 0
github.com/go-pantheon/janus/app/gate/internal/conf/conf.pb.go:336.14,338.34 2 0
github.com/go-pantheon/janus/app/gate/internal/conf/conf.pb.go:338.34,340.4 1 0
github.com/go-pantheon/janus/app/gate/internal/conf/conf.pb.go:341.3,341.12 1 0
github.com/go-pantheon/janus/app/gate/internal/conf/conf.pb.go:343.2,343.24 1 0
github.com/go-pantheon/janus/app/gate/internal/conf/conf.pb.go:347.47,349.2 1 0
github.com/go-pantheon/janus/app/gate/internal/conf/conf.pb.go:351.36,352.14 1 0
github.com/go-pantheon/janus/app/gate/internal/conf/conf.pb.go:352.14,354.3 1 0
github.com/go-pantheon/janus/app/gate/internal/conf/conf.pb.go:355.2,355.10 1 0
github.com/go-pantheon/janus/app/gate/internal/conf/conf.pb.go:358.38,359.14 1 0
github.com/go-pantheon/janus/app/gate/internal/conf/conf.pb.go:359.14,361.3 1 0
github.com/go-pantheon/janus/app/gate/internal/conf/conf.pb.go:362.2,362.10 1 0
github.com/go-pantheon/janus/app/gate/internal/conf/conf.pb.go:375.26,380.2 4 0
github.com/go-pantheon/janus/app/gate/internal/conf/conf.pb.go:382.34,384.2 1 0
github.com/go-pantheon/janus/app/gate/internal/conf/conf.pb.go:386.32,386.33 0 0
github.com/go-pantheon/janus/app/gate/internal/conf/conf.pb.go:388.54,390.14 2 0
github.com/go-pantheon/janus/app/gate/internal/conf/conf.pb.go:390.14,392.34 2 0
github.com/go-pantheon/janus/app/gate/internal/conf/conf.pb.go:392.34,394.4 1 0
github.com/go-pantheon/janus/app/gate/internal/conf/conf.pb.go:395.3,395.12 1 0
github.com/go-pantheon/janus/app/gate/internal/conf/conf.pb.go:397.2,397.24 1 0
github.com/go-pantheon/janus/app/gate/internal/conf/conf.pb.go:401.45,403.2 1 0
github.com/go-pantheon/janus/app/gate/internal/conf/conf.pb.go:405.39,406.14 1 0
github.com/go-pantheon/janus/app/gate/internal/conf/conf.pb.go:406.14,408.3 1 0
github.com/go-pantheon/janus/app/gate/internal/conf/conf.pb.go:409.2,409.12 1 0
github.com/go-pantheon/janus/app/gate/internal/conf/conf.pb.go:412.41,413.14 1 0
github.com/go-pantheon/janus/app/gate/internal/conf/conf.pb.go:413.14,415.3 1 0
github.com/go-pantheon/janus/app/gate/internal/conf/conf.pb.go:416.2,416.12 1 0
github.com/go-pantheon/janus/app/gate/internal/conf/conf.pb.go:419.41,420.14 1 0
github.com/go-pantheon/janus/app/gate/internal/conf/conf.pb.go:420.14,422.3 1 0
github.com/go-pantheon/janus/app/gate/internal/conf/conf.pb.go:423.2,423.12 1 0
github.com/go-pantheon/janus/app/gate/internal/conf/conf.pb.go:426.37,427.14 1 0
github.com/go-pantheon/janus/app/gate/internal/conf/conf.pb.go:427.14,429.3 1 0
github.com/go-pantheon/janus/app/gate/internal/conf/conf.pb.go:430.2,430.11 1 0
github.com/go-pantheon/janus/app/gate/internal/conf/conf.pb.go:440.24,445.2 4 0
github.com/go-pantheon/janus/app/gate/internal/conf/conf.pb.go:447.32,449.2 1 0
github.com/go-pantheon/janus/app/gate/internal/conf/conf.pb.go:451.30,451.31 0 0
github.com/go-pantheon/janus/app/gate/internal/conf/conf.pb.go:453.52,455.14 2 0
github.com/go-pantheon/janus/app/gate/internal/conf/conf.pb.go:455.14,457.34 2 0
github.com/go-pantheon/janus/app/gate/internal/conf/conf.pb.go:457.34,459.4 1 0
github.com/go-pantheon/janus/app/gate/internal/conf/conf.pb.go:460.3,460.12 1 0
github.com/go-pantheon/janus/app/gate/internal/conf/conf.pb.go:462.2,462.24 1 0
github.com/go-pantheon/janus/app/gate/internal/conf/conf.pb.go:466.43,468.2 1 0
github.com/go-pantheon/janus/app/gate/internal/conf/conf.pb.go:470.39,471.14 1 0
github.com/go-pantheon/janus/app/gate/internal/conf/conf.pb.go:471.14,473.3 1 0
github.com/go-pantheon/janus/app/gate/internal/conf/conf.pb.go:474.2,474.12 1 0
github.com/go-pantheon/janus/app/gate/internal/conf/conf.pb.go:484.28,489.2 4 0
github.com/go-pantheon/janus/app/gate/internal/conf/conf.pb.go:491.36,493.2 1 0
github.com/go-pantheon/janus/app/gate/internal/conf/conf.pb.go:495.34,495.35 0 0
github.com/go-pantheon/janus/app/gate/internal/conf/conf.pb.go:497.56,499.14 2 0
github.com/go-pantheon/janus/app/gate/internal/conf/conf.pb.go:499.14,501.34 2 0
github.com/go-pantheon/janus/app/gate/internal/conf/conf.pb.go:501.34,503.4 1 0
github.com/go-pantheon/janus/app/gate/internal/conf/conf.pb.go:504.3,504.12 1 0
github.com/go-pantheon/janus/app/gate/internal/conf/conf.pb.go:506.2,506.24 1 0
github.com/go-pantheon/janus/app/gate/internal/conf/conf.pb.go:510.47,512.2 1 0
github.com/go-pantheon/janus/app/gate/internal/conf/conf.pb.go:514.36,515.14 1 0
github.com/go-pantheon/janus/app/gate/internal/conf/conf.pb.go:515.14,517.3 1 0
github.com/go-pantheon/janus/app/gate/internal/conf/conf.pb.go:518.2,518.12 1 0
github.com/go-pantheon/janus/app/gate/internal/conf/conf.pb.go:530.24,535.2 4 0
github.com/go-pantheon/janus/app/gate/internal/conf/conf.pb.go:537.32,539.2 1 0
github.com/go-pantheon/janus/app/gate/internal/conf/conf.pb.go:541.30,541.31 0 0
github.com/go-pantheon/janus/app/gate/internal/conf/conf.pb.go:543.52,545.14 2 0
github.com/go-pantheon/janus/app/gate/internal/conf/conf.pb.go:545.14,547.34 2 0
github.com/go-pantheon/janus/app/gate/internal/conf/conf.pb.go:547.34,549.4 1 0
github.com/go-pantheon/janus/app/gate/internal/conf/conf.pb.go:550.3,550.12 1 0
github.com/go-pantheon/janus/app/gate/internal/conf/conf.pb.go:552.2,552.24 1 0
github.com/go-pantheon/janus/app/gate/internal/conf/conf.pb.go:556.43,558.2 1 0
github.com/go-pantheon/janus/app/gate/internal/conf/conf.pb.go:560.40,561.14 1 0
github.com/go-pantheon/janus/app/gate/internal/conf/conf.pb.go:561.14,563.3 1 0
github.com/go-pantheon/janus/app/gate/internal/conf/conf.pb.go:564.2,564.12 1 0
github.com/go-pantheon/janus/app/gate/internal/conf/conf.pb.go:567.37,568.14 1 0
github.com/go-pantheon/janus/app/gate/internal/conf/conf.pb.go:568.14,570.3 1 0
github.com/go-pantheon/janus/app/gate/internal/conf/conf.pb.go:571.2,571.11 1 0
github.com/go-pantheon/janus/app/gate/internal/conf/conf.pb.go:574.37,575.14 1 0
github.com/go-pantheon/janus/app/gate/internal/conf/conf.pb.go:575.14,577.3 1 0
github.com/go-pantheon/janus/app/gate/internal/conf/conf.pb.go:578.2,578.11 1 0
github.com/go-pantheon/janus/app/gate/internal/conf/conf.pb.go:589.26,594.2 4 0
github.com/go-pantheon/janus/app/gate/internal/conf/conf.pb.go:596.34,598.2 1 0
github.com/go-pantheon/janus/app/gate/internal/conf/conf.pb.go:600.32,600.33 0 0
github.com/go-pantheon/janus/app/gate/internal/conf/conf.pb.go:602.54,604.14 2 0
github.com/go-pantheon/janus/app/gate/internal/conf/conf.pb.go:604.14,606.34 2 0
github.com/go-pantheon/janus/app/gate/internal/conf/conf.pb.go:606.34,608.4 1 0
github.com/go-pantheon/janus/app/gate/internal/conf/conf.pb.go:609.3,609.12 1 0
github.com/go-pantheon/janus/app/gate/internal/conf/conf.pb.go:611.2,611.24 1 0
github.com/go-pantheon/janus/app/gate/internal/conf/conf.pb.go:615.45,617.2 1 0
github.com/go-pantheon/janus/app/gate/internal/conf/conf.pb.go:619.41,620.14 1 0
github.com/go-pantheon/janus/app/gate/internal/conf/conf.pb.go:620.14,622.3 1 0
github.com/go-pantheon/janus/app/gate/internal/conf/conf.pb.go:623.2,623.11 1 0
github.com/go-pantheon/janus/app/gate/internal/conf/conf.pb.go:626.37,627.14 1 0
github.com/go-pantheon/janus/app/gate/internal/conf/conf.pb.go:627.14,629.3 1 0
github.com/go-pantheon/janus/app/gate/internal/conf/conf.pb.go:630.2,630.11 1 0
github.com/go-pantheon/janus/app/gate/internal/conf/conf.pb.go:640.30,645.2 4 0
github.com/go-pantheon/janus/app/gate/internal/conf/conf.pb.go:647.38,649.2 1 0
github.com/go-pantheon/janus/app/gate/internal/conf/conf.pb.go:651.36,651.37 0 0
github.com/go-pantheon/janus/app/gate/internal/conf/conf.pb.go:653.58,655.14 2 0
github.com/go-pantheon/janus/app/gate/internal/conf/conf.pb.go:655.14,657.34 2 0
github.com/go-pantheon/janus/app/gate/internal/conf/conf.pb.go:657.34,659.4 1 0
github.com/go-pantheon/janus/app/gate/internal/conf/conf.pb.go:660.3,660.12 1 0
github.com/go-pantheon/janus/app/gate/internal/conf/conf.pb.go:662.2,662.24 1 0
github.com/go-pantheon/janus/app/gate/internal/conf/conf.pb.go:666.49,668.2 1 0
github.com/go-pantheon/janus/app/gate/internal/conf/conf.pb.go:670.39,671.14 1 0
github.com/go-pantheon/janus/app/gate/internal/conf/conf.pb.go:671.14,673.3 1 0
github.com/go-pantheon/janus/app/gate/internal/conf/conf.pb.go:674.2,674.11 1 0
github.com/go-pantheon/janus/app/gate/internal/conf/conf.pb.go:686.31,691.2 4 0
github.com/go-pantheon/janus/app/gate/internal/conf/conf.pb.go:693.39,695.2 1 0
github.com/go-pantheon/janus/app/gate/internal/conf/conf.pb.go:697.37,697.38 0 0
github.com/go-pantheon/janus/app/gate/internal/conf/conf.pb.go:699.59,701.14 2 0
github.com/go-pantheon/janus/app/gate/internal/conf/conf.pb.go:701.14,703.34 2 0
github.com/go-pantheon/janus/app/gate/internal/conf/conf.pb.go:703.34,705.4 1 0
github.com/go-pantheon/janus/app/gate/internal/conf/conf.pb.go:706.3,706.12 1 0
github.com/go-pantheon/janus/app/gate/internal/conf/conf.pb.go:708.2,708.24 1 0
github.com/go-pantheon/janus/app/gate/internal/conf/conf.pb.go:712.50,714.2 1 0
github.com/go-pantheon/janus/app/gate/internal/conf/conf.pb.go:716.43,717.14 1 0
github.com/go-pantheon/janus/app/gate/internal/conf/conf.pb.go:717.14,719.3 1 0
github.com/go-pantheon/janus/app/gate/internal/conf/conf.pb.go:720.2,720.11 1 0
github.com/go-pantheon/janus/app/gate/internal/conf/conf.pb.go:723.40,724.14 1 0
github.com/go-pantheon/janus/app/gate/internal/conf/conf.pb.go:724.14,726.3 1 0
github.com/go-pantheon/janus/app/gate/internal/conf/conf.pb.go:727.2,727.11 1 0
github.com/go-pantheon/janus/app/gate/internal/conf/conf.pb.go:730.57,731.14 1 0
github.com/go-pantheon/janus/app/gate/internal/conf/conf.pb.go:731.14,733.3 1 0
github.com/go-pantheon/janus/app/gate/internal/conf/conf.pb.go:734.2,734.12 1 0
github.com/go-pantheon/janus/app/gate/internal/conf/conf.pb.go:746.31,751.2 4 0
github.com/go-pantheon/janus/app/gate/internal/conf/conf.pb.go:753.39,755.2 1 0
github.com/go-pantheon/janus/app/gate/internal/conf/conf.pb.go:757.37,757.38 0 0
github.com/go-pantheon/janus/app/gate/internal/conf/conf.pb.go:759.59,761.14 2 0
github.com/go-pantheon/janus/app/gate/internal/conf/conf.pb.go:761.14,763.34 2 0
github.com/go-pantheon/janus/app/gate/internal/conf/conf.pb.go:763.34,765.4 1 0
github.com/go-pantheon/janus/app/gate/internal/conf/conf.pb.go:766.3,766.12 1 0
github.com/go-pantheon/janus/app/gate/internal/conf/conf.pb.go:768.2,768.24 1 0
github.com/go-pantheon/janus/app/gate/internal/conf/conf.pb.go:772.50,774.2 1 0
github.com/go-pantheon/janus/app/gate/internal/conf/conf.pb.go:776.43,777.14 1 0
github.com/go-pantheon/janus/app/gate/internal/conf/conf.pb.go:777.14,779.3 1 0
github.com/go-pantheon/janus/app/gate/internal/conf/conf.pb.go:780.2,780.11 1 0
github.com/go-pantheon/janus/app/gate/internal/conf/conf.pb.go:783.40,784.14 1 0
github.com/go-pantheon/janus/app/gate/internal/conf/conf.pb.go:784.14,786.3 1 0
github.com/go-pantheon/janus/app/gate/internal/conf/conf.pb.go:787.2,787.11 1 0
github.com/go-pantheon/janus/app/gate/internal/conf/conf.pb.go:790.57,791.14 1 0
github.com/go-pantheon/janus/app/gate/internal/conf/conf.pb.go:791.14,793.3 1 0
github.com/go-pantheon/janus/app/gate/internal/conf/conf.pb.go:794.2,794.12 1 0
github.com/go-pantheon/janus/app/gate/internal/conf/conf.pb.go:809.30,814.2 4 0
github.com/go-pantheon/janus/app/gate/internal/conf/conf.pb.go:816.38,818.2 1 0
github.com/go-pantheon/janus/app/gate/internal/conf/conf.pb.go:820.36,820.37 0 0
github.com/go-pantheon/janus/app/gate/internal/conf/conf.pb.go:822.58,824.14 2 0
github.com/go-pantheon/janus/app/gate/internal/conf/conf.pb.go:824.14,826.34 2 0
github.com/go-pantheon/janus/app/gate/internal/conf/conf.pb.go:826.34,828.4 1 0
github.com/go-pantheon/janus/app/gate/internal/conf/conf.pb.go:829.3,829.12 1 0
github.com/go-pantheon/janus/app/gate/internal/conf/conf.pb.go:831.2,831.24 1 0
github.com/go-pantheon/janus/app/gate/internal/conf/conf.pb.go:835.49,837.2 1 0
github.com/go-pantheon/janus/app/gate/internal/conf/conf.pb.go:839.39,840.14 1 0
github.com/go-pantheon/janus/app/gate/internal/conf/conf.pb.go:840.14,842.3 1 0
github.com/go-pantheon/janus/app/gate/internal/conf/conf.pb.go:843.2,843.11 1 0
github.com/go-pantheon/janus/app/gate/internal/conf/conf.pb.go:846.43,847.14 1 0
github.com/go-pantheon/janus/app/gate/internal/conf/conf.pb.go:847.14,849.3 1 0
github.com/go-pantheon/janus/app/gate/internal/conf/conf.pb.go:850.2,850.11 1 0
github.com/go-pantheon/janus/app/gate/internal/conf/conf.pb.go:853.40,854.14 1 0
github.com/go-pantheon/janus/app/gate/internal/conf/conf.pb.go:854.14,856.3 1 0
github.com/go-pantheon/janus/app/gate/internal/conf/conf.pb.go:857.2,857.14 1 0
github.com/go-pantheon/janus/app/gate/internal/conf/conf.pb.go:860.60,861.14 1 0
github.com/go-pantheon/janus/app/gate/internal/conf/conf.pb.go:861.14,863.3 1 0
github.com/go-pantheon/janus/app/gate/internal/conf/conf.pb.go:864.2,864.12 1 0
github.com/go-pantheon/janus/app/gate/internal/conf/conf.pb.go:867.60,868.14 1 0
github.com/go-pantheon/janus/app/gate/internal/conf/conf.pb.go:868.14,870.3 1 0
github.com/go-pantheon/janus/app/gate/internal/conf/conf.pb.go:871.2,871.12 1 0
github.com/go-pantheon/janus/app/gate/internal/conf/conf.pb.go:874.61,875.14 1 0
github.com/go-pantheon/janus/app/gate/internal/conf/conf.pb.go:875.14,877.3 1 0
github.com/go-pantheon/janus/app/gate/internal/conf/conf.pb.go:878.2,878.12 1 0
github.com/go-pantheon/janus/app/gate/internal/conf/conf.pb.go:1007.62,1008.59 1 0
github.com/go-pantheon/janus/app/gate/internal/conf/conf.pb.go:1008.59,1010.3 1 0
github.com/go-pantheon/janus/app/gate/internal/conf/conf.pb.go:1011.2,1011.55 1 0
github.com/go-pantheon/janus/app/gate/internal/conf/conf.pb.go:1057.13,1057.58 1 0
github.com/go-pantheon/janus/app/gate/internal/conf/conf.pb.go:1058.48,1059.47 1 0
github.com/go-pantheon/janus/app/gate/internal/conf/conf.pb.go:1059.47,1061.3 1 0
github.com/go-pantheon/janus/app/gate/internal/conf/conf.pb.go:1062.2,1078.50 5 0
github.com/go-pantheon/janus/app/gate/internal/client/player/client.go:16.56,18.2 1 0
github.com/go-pantheon/janus/app/gate/internal/client/player/client.go:24.86,26.16 2 0
github.com/go-pantheon/janus/app/gate/internal/client/player/client.go:26.16,28.3 1 0
github.com/go-pantheon/janus/app/gate/internal/client/player/client.go:30.2,32.8 1 0
github.com/go-pantheon/janus/app/gate/internal/client/player/routetable.go:13.46,17.2 1 0
github.com/go-pantheon/janus/app/gate/internal/data/data.go:16.65,19.21 2 0
github.com/go-pantheon/janus/app/gate/internal/data/data.go:19.21,27.3 1 0
github.com/go-pantheon/janus/app/gate/internal/data/data.go:27.8,35.3 1 0
github.com/go-pantheon/janus/app/gate/internal/data/data.go:37.2,37.16 1 0
github.com/go-pantheon/janus/app/gate/internal/data/data.go:37.16,39.3 1 0
github.com/go-pantheon/janus/app/gate/internal/data/data.go:41.2,43.17 1 0
github.com/go-pantheon/janus/app/gate/internal/intra/net/service/auth.go:20.102,21.18 1 0
github.com/go-pantheon/janus/app/gate/internal/intra/net/service/auth.go:21.18,23.3 1 0
github.com/go-pantheon/janus/app/gate/internal/intra/net/service/auth.go:25.2,25.17 1 0
github.com/go-pantheon/janus/app/gate/internal/intra/net/service/auth.go:25.17,26.60 1 0
github.com/go-pantheon/janus/app/gate/internal/intra/net/service/auth.go:26.60,28.4 1 0
github.com/go-pantheon/janus/app/gate/internal/intra/net/service/auth.go:31.2,42.48 4 0
github.com/go-pantheon/janus/app/gate/internal/intra/net/service/auth.go:42.48,44.3 1 0
github.com/go-pantheon/janus/app/gate/internal/intra/net/service/auth.go:46.2,46.50 1 0
github.com/go-pantheon/janus/app/gate/internal/intra/net/service/auth.go:46.50,48.3 1 0
github.com/go-pantheon/janus/app/gate/internal/intra/net/service/auth.go:50.2,50.53 1 0
github.com/go-pantheon/janus/app/gate/internal/intra/net/service/auth.go:50.53,52.3 1 0
github.com/go-pantheon/janus/app/gate/internal/intra/net/service/auth.go:54.2,54.67 1 0
github.com/go-pantheon/janus/app/gate/internal/intra/net/service/auth.go:54.67,56.3 1 0
github.com/go-pantheon/janus/app/gate/internal/intra/net/service/auth.go:58.2,61.47 3 0
github.com/go-pantheon/janus/app/gate/internal/intra/net/service/auth.go:61.47,63.3 1 0
github.com/go-pantheon/janus/app/gate/internal/intra/net/service/auth.go:65.2,72.47 6 0
github.com/go-pantheon/janus/app/gate/internal/intra/net/service/auth.go:72.47,74.3 1 0
github.com/go-pantheon/janus/app/gate/internal/intra/net/service/auth.go:76.2,76.17 1 0
github.com/go-pantheon/janus/app/gate/internal/intra/net/service/auth.go:76.17,78.17 2 0
github.com/go-pantheon/janus/app/gate/internal/intra/net/service/auth.go:78.17,80.4 1 0
github.com/go-pantheon/janus/app/gate/internal/intra/net/service/auth.go:82.3,82.51 1 0
github.com/go-pantheon/janus/app/gate/internal/intra/net/service/auth.go:82.51,84.4 1 0
github.com/go-pantheon/janus/app/gate/internal/intra/net/service/auth.go:87.2,87.26 1 0
github.com/go-pantheon/janus/app/gate/internal/intra/net/service/auth.go:90.94,91.25 1 0
github.com/go-pantheon/janus/app/gate/internal/intra/net/service/auth.go:91.25,93.3 1 0
github.com/go-pantheon/janus/app/gate/internal/intra/net/service/auth.go:95.2,101.61 2 0
github.com/go-pantheon/janus/app/gate/internal/intra/net/service/auth.go:101.61,103.3 1 0
github.com/go-pantheon/janus/app/gate/internal/intra/net/service/auth.go:105.2,105.42 1 0
github.com/go-pantheon/janus/app/gate/internal/intra/net/service/auth.go:105.42,107.3 1 0
github.com/go-pantheon/janus/app/gate/internal/intra/net/service/auth.go:109.2,109.68 1 0
github.com/go-pantheon/janus/app/gate/internal/intra/net/service/auth.go:109.68,111.3 1 0
github.com/go-pantheon/janus/app/gate/internal/intra/net/service/auth.go:113.2,115.31 2 0
github.com/go-pantheon/janus/app/gate/internal/intra/net/service/auth.go:118.77,119.21 1 0
github.com/go-pantheon/janus/app/gate/internal/intra/net/service/auth.go:119.21,121.3 1 0
github.com/go-pantheon/janus/app/gate/internal/intra/net/service/auth.go:123.2,126.16 3 0
github.com/go-pantheon/janus/app/gate/internal/intra/net/service/auth.go:126.16,128.3 1 0
github.com/go-pantheon/janus/app/gate/internal/intra/net/service/auth.go:130.2,130.52 1 0
github.com/go-pantheon/janus/app/gate/internal/intra/net/service/auth.go:130.52,132.3 1 0
github.com/go-pantheon/janus/app/gate/internal/intra/net/service/auth.go:134.2,134.18 1 0
github.com/go-pantheon/janus/app/gate/internal/intra/net/service/auth.go:137.81,140.2 2 0
github.com/go-pantheon/janus/app/gate/internal/intra/net/service/auth.go:142.82,145.2 2 0
github.com/go-pantheon/janus/app/gate/internal/intra/net/service/handler.go:14.110,18.46 3 0
github.com/go-pantheon/janus/app/gate/internal/intra/net/service/handler.go:18.46,20.3 1 0
github.com/go-pantheon/janus/app/gate/internal/intra/net/service/handler.go:22.2,22.15 1 0
github.com/go-pantheon/janus/app/gate/internal/intra/net/service/handler.go:22.15,23.17 1 0
github.com/go-pantheon/janus/app/gate/internal/intra/net/service/handler.go:23.17,25.4 1 0
github.com/go-pantheon/janus/app/gate/internal/intra/net/service/handler.go:28.2,28.19 1 0
github.com/go-pantheon/janus/app/gate/internal/intra/net/service/handler.go:28.19,30.30 2 0
github.com/go-pantheon/janus/app/gate/internal/intra/net/service/handler.go:30.30,32.4 1 0
github.com/go-pantheon/janus/app/gate/internal/intra/net/service/handler.go:34.3,34.23 1 0
github.com/go-pantheon/janus/app/gate/internal/intra/net/service/handler.go:37.2,37.16 1 0
github.com/go-pantheon/janus/app/gate/internal/intra/net/service/handler.go:37.16,39.17 2 0
github.com/go-pantheon/janus/app/gate/internal/intra/net/service/handler.go:39.17,41.4 1 0
github.com/go-pantheon/janus/app/gate/internal/intra/net/service/handler.go:45.2,45.16 1 0
github.com/go-pantheon/janus/app/gate/internal/intra/net/service/handler.go:45.16,47.3 1 0
github.com/go-pantheon/janus/app/gate/internal/intra/net/service/handler.go:49.2,52.16 3 0
github.com/go-pantheon/janus/app/gate/internal/intra/net/service/handler.go:52.16,54.3 1 0
github.com/go-pantheon/janus/app/gate/internal/intra/net/service/handler.go:56.2,57.16 2 0
github.com/go-pantheon/janus/app/gate/internal/intra/net/service/handler.go:57.16,59.3 1 0
github.com/go-pantheon/janus/app/gate/internal/intra/net/service/handler.go:61.2,61.28 1 0
github.com/go-pantheon/janus/app/gate/internal/intra/net/service/handler.go:64.74,67.2 1 0
github.com/go-pantheon/janus/app/gate/internal/intra/net/service/service.go:32.12,41.2 1 0
github.com/go-pantheon/janus/app/gate/internal/intra/net/service/tunnel.go:21.80,22.30 1 0
github.com/go-pantheon/janus/app/gate/internal/intra/net/service/tunnel.go:23.28,24.64 1 0
github.com/go-pantheon/janus/app/gate/internal/intra/net/service/tunnel.go:25.10,26.68 1 0
github.com/go-pantheon/janus/app/gate/internal/intra/net/service/tunnel.go:30.132,32.16 2 0
github.com/go-pantheon/janus/app/gate/internal/intra/net/service/tunnel.go:32.16,34.3 1 0
github.com/go-pantheon/janus/app/gate/internal/intra/net/service/tunnel.go:36.2,36.52 1 0
github.com/go-pantheon/janus/app/gate/internal/intra/net/service/tunnel.go:39.141,40.32 1 0
github.com/go-pantheon/janus/app/gate/internal/intra/net/service/tunnel.go:41.32,42.69 1 0
github.com/go-pantheon/janus/app/gate/internal/intra/net/service/tunnel.go:43.30,44.62 1 0
github.com/go-pantheon/janus/app/gate/internal/intra/net/service/tunnel.go:45.10,46.71 1 0
github.com/go-pantheon/janus/app/gate/internal/intra/net/tunnels/tunnel.go:56.80,67.2 3 0
github.com/go-pantheon/janus/app/gate/internal/intra/net/tunnels/tunnel.go:69.31,71.2 1 0
github.com/go-pantheon/janus/app/gate/internal/intra/net/tunnels/tunnel.go:73.76,74.19 1 0
github.com/go-pantheon/janus/app/gate/internal/intra/net/tunnels/tunnel.go:74.19,76.3 1 0
github.com/go-pantheon/janus/app/gate/internal/intra/net/tunnels/tunnel.go:78.2,80.12 2 0
github.com/go-pantheon/janus/app/gate/internal/intra/net/tunnels/tunnel.go:83.96,85.9 2 0
github.com/go-pantheon/janus/app/gate/internal/intra/net/tunnels/tunnel.go:85.9,87.3 1 0
github.com/go-pantheon/janus/app/gate/internal/intra/net/tunnels/tunnel.go:89.2,89.39 1 0
github.com/go-pantheon/janus/app/gate/internal/intra/net/tunnels/tunnel.go:92.63,94.2 1 0
github.com/go-pantheon/janus/app/gate/internal/intra/net/tunnels/tunnel.go:96.45,97.105 1 0
github.com/go-pantheon/janus/app/gate/internal/intra/net/tunnels/tunnel.go:97.105,99.3 1 0
github.com/go-pantheon/janus/app/gate/internal/intra/net/tunnels/tunnel.go:102.55,106.21 3 0
github.com/go-pantheon/janus/app/gate/internal/intra/net/tunnels/tunnel.go:106.21,107.10 1 0
github.com/go-pantheon/janus/app/gate/internal/intra/net/tunnels/tunnel.go:108.21,109.20 1 0
github.com/go-pantheon/janus/app/gate/internal/intra/net/tunnels/tunnel.go:110.29,111.34 1 0
github.com/go-pantheon/janus/app/gate/internal/intra/net/tunnels/tunnel.go:114.2,114.21 1 0
github.com/go-pantheon/janus/app/gate/internal/intra/net/tunnels/tunnel.go:114.21,115.37 1 0
github.com/go-pantheon/janus/app/gate/internal/intra/net/tunnels/tunnel.go:115.37,117.4 1 0
github.com/go-pantheon/janus/app/gate/internal/intra/net/tunnels/tunnel.go:119.2,119.21 1 0
github.com/go-pantheon/janus/app/gate/internal/intra/net/tunnels/tunnel.go:119.21,120.37 1 0
github.com/go-pantheon/janus/app/gate/internal/intra/net/tunnels/tunnel.go:120.37,122.4 1 0
github.com/go-pantheon/janus/app/gate/internal/intra/net/tunnels/tunnel.go:125.2,125.18 1 0
github.com/go-pantheon/janus/app/gate/internal/intra/net/tunnels/tunnel.go:128.52,129.6 1 0
github.com/go-pantheon/janus/app/gate/internal/intra/net/tunnels/tunnel.go:129.6,130.10 1 0
github.com/go-pantheon/janus/app/gate/internal/intra/net/tunnels/tunnel.go:131.21,132.20 1 0
github.com/go-pantheon/janus/app/gate/internal/intra/net/tunnels/tunnel.go:133.29,134.34 1 0
github.com/go-pantheon/janus/app/gate/internal/intra/net/tunnels/tunnel.go:135.25,136.45 1 0
github.com/go-pantheon/janus/app/gate/internal/intra/net/tunnels/tunnel.go:136.45,138.5 1 0
github.com/go-pantheon/janus/app/gate/internal/intra/net/tunnels/tunnel.go:143.52,144.6 1 0
github.com/go-pantheon/janus/app/gate/internal/intra/net/tunnels/tunnel.go:144.6,146.17 2 0
github.com/go-pantheon/janus/app/gate/internal/intra/net/tunnels/tunnel.go:146.17,148.4 1 0
github.com/go-pantheon/janus/app/gate/internal/intra/net/tunnels/tunnel.go:150.3,150.41 1 0
github.com/go-pantheon/janus/app/gate/internal/intra/net/tunnels/tunnel.go:150.41,151.33 1 0
github.com/go-pantheon/janus/app/gate/internal/intra/net/tunnels/tunnel.go:151.33,153.5 1 0
github.com/go-pantheon/janus/app/gate/internal/intra/net/tunnels/tunnel.go:154.9,156.4 1 0
github.com/go-pantheon/janus/app/gate/internal/intra/net/tunnels/tunnel.go:160.80,165.60 3 0
github.com/go-pantheon/janus/app/gate/internal/intra/net/tunnels/tunnel.go:165.60,168.3 2 0
github.com/go-pantheon/janus/app/gate/internal/intra/net/tunnels/tunnel.go:170.2,172.50 2 0
github.com/go-pantheon/janus/app/gate/internal/intra/net/tunnels/tunnel.go:175.80,185.16 8 0
github.com/go-pantheon/janus/app/gate/internal/intra/net/tunnels/tunnel.go:185.16,187.3 1 0
github.com/go-pantheon/janus/app/gate/internal/intra/net/tunnels/tunnel.go:189.2,190.16 2 0
github.com/go-pantheon/janus/app/gate/internal/intra/net/tunnels/tunnel.go:190.16,192.3 1 0
github.com/go-pantheon/janus/app/gate/internal/intra/net/tunnels/tunnel.go:194.2,194.42 1 0
github.com/go-pantheon/janus/app/gate/internal/intra/net/tunnels/tunnel.go:194.42,196.3 1 0
github.com/go-pantheon/janus/app/gate/internal/intra/net/tunnels/tunnel.go:198.2,198.12 1 0
github.com/go-pantheon/janus/app/gate/internal/intra/net/tunnels/tunnel.go:201.35,202.34 1 0
github.com/go-pantheon/janus/app/gate/internal/intra/net/tunnels/tunnel.go:202.34,205.3 2 0
github.com/go-pantheon/janus/app/gate/internal/intra/net/tunnels/tunnel.go:205.22,207.3 1 0
github.com/go-pantheon/janus/app/gate/internal/pkg/security/crypto.go:20.47,27.76 2 0
github.com/go-pantheon/janus/app/gate/internal/pkg/security/crypto.go:27.76,29.3 1 0
github.com/go-pantheon/janus/app/gate/internal/pkg/security/crypto.go:31.2,31.75 1 0
github.com/go-pantheon/janus/app/gate/internal/pkg/security/crypto.go:31.75,33.3 1 0
github.com/go-pantheon/janus/app/gate/internal/pkg/security/crypto.go:35.2,38.9 3 0
github.com/go-pantheon/janus/app/gate/internal/pkg/security/crypto.go:38.9,40.3 1 0
github.com/go-pantheon/janus/app/gate/internal/pkg/security/crypto.go:42.2,43.16 2 0
github.com/go-pantheon/janus/app/gate/internal/pkg/security/crypto.go:43.16,45.3 1 0
github.com/go-pantheon/janus/app/gate/internal/pkg/security/crypto.go:47.2,47.12 1 0
github.com/go-pantheon/janus/app/gate/internal/pkg/security/crypto.go:50.55,51.13 1 0
github.com/go-pantheon/janus/app/gate/internal/pkg/security/crypto.go:51.13,53.3 1 0
github.com/go-pantheon/janus/app/gate/internal/pkg/security/crypto.go:55.2,56.16 2 0
github.com/go-pantheon/janus/app/gate/internal/pkg/security/crypto.go:56.16,58.3 1 0
github.com/go-pantheon/janus/app/gate/internal/pkg/security/crypto.go:60.2,61.16 2 0
github.com/go-pantheon/janus/app/gate/internal/pkg/security/crypto.go:61.16,63.3 1 0
github.com/go-pantheon/janus/app/gate/internal/pkg/security/crypto.go:65.2,65.23 1 0
github.com/go-pantheon/janus/app/gate/internal/pkg/security/crypto.go:68.56,70.2 1 0
github.com/go-pantheon/janus/app/gate/internal/pkg/security/crypto.go:72.50,74.16 2 0
github.com/go-pantheon/janus/app/gate/internal/pkg/security/crypto.go:74.16,76.3 1 0
github.com/go-pantheon/janus/app/gate/internal/pkg/security/crypto.go:78.2,79.16 2 0
github.com/go-pantheon/janus/app/gate/internal/pkg/security/crypto.go:79.16,81.3 1 0
github.com/go-pantheon/janus/app/gate/internal/pkg/security/crypto.go:83.2,83.20 1 0
github.com/go-pantheon/janus/app/gate/internal/server/etcd.go:14.68,20.16 2 0
github.com/go-pantheon/janus/app/gate/internal/server/etcd.go:20.16,22.3 1 0
github.com/go-pantheon/janus/app/gate/internal/server/etcd.go:24.2,24.31 1 0
github.com/go-pantheon/janus/app/gate/internal/server/grpc.go:18.98,29.26 2 0
github.com/go-pantheon/janus/app/gate/internal/server/grpc.go:29.26,31.3 1 0
github.com/go-pantheon/janus/app/gate/internal/server/grpc.go:33.2,33.23 1 0
github.com/go-pantheon/janus/app/gate/internal/server/grpc.go:33.23,35.3 1 0
github.com/go-pantheon/janus/app/gate/internal/server/grpc.go:37.2,37.27 1 0
github.com/go-pantheon/janus/app/gate/internal/server/grpc.go:37.27,39.3 1 0
github.com/go-pantheon/janus/app/gate/internal/server/grpc.go:41.2,51.12 4 0
github.com/go-pantheon/janus/app/gate/internal/server/http.go:16.97,28.26 2 0
github.com/go-pantheon/janus/app/gate/internal/server/http.go:28.26,30.3 1 0
github.com/go-pantheon/janus/app/gate/internal/server/http.go:32.2,32.23 1 0
github.com/go-pantheon/janus/app/gate/internal/server/http.go:32.23,34.3 1 0
github.com/go-pantheon/janus/app/gate/internal/server/http.go:36.2,36.27 1 0
github.com/go-pantheon/janus/app/gate/internal/server/http.go:36.27,38.3 1 0
github.com/go-pantheon/janus/app/gate/internal/server/http.go:40.2,44.12 3 0
github.com/go-pantheon/janus/app/gate/internal/server/tcp.go:22.120,25.15 2 0
github.com/go-pantheon/janus/app/gate/internal/server/tcp.go:25.15,27.3 1 0
github.com/go-pantheon/janus/app/gate/internal/server/tcp.go:29.2,29.16 1 0
github.com/go-pantheon/janus/app/gate/internal/server/tcp.go:29.16,31.3 1 0
github.com/go-pantheon/janus/app/gate/internal/server/tcp.go:33.2,50.22 2 0
github.com/go-pantheon/janus/app/gate/internal/server/tcp.go:50.22,52.3 1 0
github.com/go-pantheon/janus/app/gate/internal/server/tcp.go:54.2,54.19 1 0
github.com/go-pantheon/janus/app/gate/internal/server/tcp.go:54.19,56.3 1 0
github.com/go-pantheon/janus/app/gate/internal/server/tcp.go:58.2,62.16 4 0
github.com/go-pantheon/janus/app/gate/internal/server/tcp.go:62.16,64.3 1 0
github.com/go-pantheon/janus/app/gate/internal/server/tcp.go:66.2,66.15 1 0
github.com/go-pantheon/janus/app/gate/internal/server/tcp.go:69.62,70.66 1 0
github.com/go-pantheon/janus/app/gate/internal/server/tcp.go:70.66,72.3 1 0
github.com/go-pantheon/janus/app/gate/internal/server/tcp.go:75.65,76.66 1 0
github.com/go-pantheon/janus/app/gate/internal/server/tcp.go:76.66,78.3 1 0
github.com/go-pantheon/janus/app/gate/internal/intra/net/tunnels/base/base.go:21.94,30.2 2 0
github.com/go-pantheon/janus/app/gate/internal/intra/net/tunnels/base/base.go:32.31,34.2 1 0
github.com/go-pantheon/janus/app/gate/internal/intra/net/tunnels/base/base.go:36.36,38.2 1 0
github.com/go-pantheon/janus/app/gate/internal/intra/net/tunnels/base/base.go:40.30,42.2 1 0
github.com/go-pantheon/janus/app/gate/internal/intra/net/tunnels/base/base.go:44.30,46.2 1 0
github.com/go-pantheon/janus/app/gate/internal/intra/net/tunnels/base/base.go:48.33,50.2 1 0
github.com/go-pantheon/janus/app/gate/internal/intra/net/tunnels/base/base.go:52.41,54.2 1 0
github.com/go-pantheon/janus/app/gate/internal/intra/net/tunnels/room/pool.go:13.36,16.20 1 0
github.com/go-pantheon/janus/app/gate/internal/intra/net/tunnels/room/pool.go:16.20,18.5 1 0
github.com/go-pantheon/janus/app/gate/internal/intra/net/tunnels/room/pool.go:23.52,25.2 1 0
github.com/go-pantheon/janus/app/gate/internal/intra/net/tunnels/room/pool.go:27.55,28.16 1 0
github.com/go-pantheon/janus/app/gate/internal/intra/net/tunnels/room/pool.go:28.16,30.3 1 0
github.com/go-pantheon/janus/app/gate/internal/intra/net/tunnels/room/pool.go:32.2,33.17 2 0
github.com/go-pantheon/janus/app/gate/internal/intra/net/tunnels/room/pool.go:38.42,40.2 1 0
github.com/go-pantheon/janus/app/gate/internal/intra/net/tunnels/room/pool.go:42.45,44.2 1 0
github.com/go-pantheon/janus/app/gate/internal/intra/net/tunnels/room/tunnel.go:23.134,25.16 2 0
github.com/go-pantheon/janus/app/gate/internal/intra/net/tunnels/room/tunnel.go:25.16,27.3 1 0
github.com/go-pantheon/janus/app/gate/internal/intra/net/tunnels/room/tunnel.go:29.2,34.15 2 0
github.com/go-pantheon/janus/app/gate/internal/intra/net/tunnels/room/tunnel.go:39.78,50.2 8 0
github.com/go-pantheon/janus/app/gate/internal/intra/net/tunnels/room/tunnel.go:54.58,57.68 2 0
github.com/go-pantheon/janus/app/gate/internal/intra/net/tunnels/room/tunnel.go:57.68,59.3 1 0
github.com/go-pantheon/janus/app/gate/internal/intra/net/tunnels/room/tunnel.go:61.2,61.12 1 0
github.com/go-pantheon/janus/app/gate/internal/intra/net/tunnels/room/tunnel.go:64.58,66.16 2 0
github.com/go-pantheon/janus/app/gate/internal/intra/net/tunnels/room/tunnel.go:66.16,68.3 1 0
github.com/go-pantheon/janus/app/gate/internal/intra/net/tunnels/room/tunnel.go:70.2,70.17 1 0
github.com/go-pantheon/janus/app/gate/internal/intra/net/tunnels/room/tunnel.go:73.37,74.45 1 0
github.com/go-pantheon/janus/app/gate/internal/intra/net/tunnels/room/tunnel.go:74.45,76.3 1 0
github.com/go-pantheon/janus/app/gate/internal/pkg/middleware/logging/reply.go:20.56,21.61 1 0
github.com/go-pantheon/janus/app/gate/internal/pkg/middleware/logging/reply.go:21.61,22.58 1 0
github.com/go-pantheon/janus/app/gate/internal/pkg/middleware/logging/reply.go:22.58,23.24 1 0
github.com/go-pantheon/janus/app/gate/internal/pkg/middleware/logging/reply.go:23.24,25.5 1 0
github.com/go-pantheon/janus/app/gate/internal/pkg/middleware/logging/reply.go:27.4,29.28 2 0
github.com/go-pantheon/janus/app/gate/internal/pkg/middleware/logging/reply.go:34.69,37.59 2 0
github.com/go-pantheon/janus/app/gate/internal/pkg/middleware/logging/reply.go:37.59,40.3 2 0
github.com/go-pantheon/janus/app/gate/internal/pkg/middleware/logging/reply.go:42.2,42.22 1 0
github.com/go-pantheon/janus/app/gate/internal/pkg/middleware/logging/reply.go:42.22,43.91 1 0
github.com/go-pantheon/janus/app/gate/internal/pkg/middleware/logging/reply.go:43.91,45.4 1 0
github.com/go-pantheon/janus/app/gate/internal/pkg/middleware/logging/reply.go:48.2,58.51 2 0
github.com/go-pantheon/janus/app/gate/internal/pkg/middleware/logging/reply.go:58.51,61.3 2 0
github.com/go-pantheon/janus/app/gate/internal/pkg/middleware/logging/reply.go:63.2,85.19 8 0
github.com/go-pantheon/janus/app/gate/internal/pkg/middleware/logging/request.go:20.58,21.61 1 0
github.com/go-pantheon/janus/app/gate/internal/pkg/middleware/logging/request.go:21.61,22.74 1 0
github.com/go-pantheon/janus/app/gate/internal/pkg/middleware/logging/request.go:22.74,23.24 1 0
github.com/go-pantheon/janus/app/gate/internal/pkg/middleware/logging/request.go:23.24,25.5 1 0
github.com/go-pantheon/janus/app/gate/internal/pkg/middleware/logging/request.go:27.4,29.28 2 0
github.com/go-pantheon/janus/app/gate/internal/pkg/middleware/logging/request.go:34.69,37.33 2 0
github.com/go-pantheon/janus/app/gate/internal/pkg/middleware/logging/request.go:37.33,38.49 1 0
github.com/go-pantheon/janus/app/gate/internal/pkg/middleware/logging/request.go:38.49,41.4 2 0
github.com/go-pantheon/janus/app/gate/internal/pkg/middleware/logging/request.go:43.3,43.91 1 0
github.com/go-pantheon/janus/app/gate/internal/pkg/middleware/logging/request.go:43.91,45.4 1 0
github.com/go-pantheon/janus/app/gate/internal/pkg/middleware/logging/request.go:47.3,57.52 2 0
github.com/go-pantheon/janus/app/gate/internal/pkg/middleware/logging/request.go:57.52,60.4 2 0
github.com/go-pantheon/janus/app/gate/internal/pkg/middleware/logging/request.go:62.3,83.20 8 0
github.com/go-pantheon/janus/app/gate/internal/intra/net/tunnels/player/pool.go:13.36,16.20 1 0
github.com/go-pantheon/janus/app/gate/internal/intra/net/tunnels/player/pool.go:16.20,18.5 1 0
github.com/go-pantheon/janus/app/gate/internal/intra/net/tunnels/player/pool.go:23.52,25.2 1 0
github.com/go-pantheon/janus/app/gate/internal/intra/net/tunnels/player/pool.go:27.55,28.16 1 0
github.com/go-pantheon/janus/app/gate/internal/intra/net/tunnels/player/pool.go:28.16,30.3 1 0
github.com/go-pantheon/janus/app/gate/internal/intra/net/tunnels/player/pool.go:32.2,33.17 2 0
github.com/go-pantheon/janus/app/gate/internal/intra/net/tunnels/player/pool.go:38.42,40.2 1 0
github.com/go-pantheon/janus/app/gate/internal/intra/net/tunnels/player/pool.go:42.45,44.2 1 0
github.com/go-pantheon/janus/app/gate/internal/intra/net/tunnels/player/tunnel.go:27.140,29.16 2 0
github.com/go-pantheon/janus/app/gate/internal/intra/net/tunnels/player/tunnel.go:29.16,31.3 1 0
github.com/go-pantheon/janus/app/gate/internal/intra/net/tunnels/player/tunnel.go:34.2,42.15 3 0
github.com/go-pantheon/janus/app/gate/internal/intra/net/tunnels/player/tunnel.go:47.78,58.2 8 0
github.com/go-pantheon/janus/app/gate/internal/intra/net/tunnels/player/tunnel.go:62.58,65.68 2 0
github.com/go-pantheon/janus/app/gate/internal/intra/net/tunnels/player/tunnel.go:65.68,67.3 1 0
github.com/go-pantheon/janus/app/gate/internal/intra/net/tunnels/player/tunnel.go:69.2,69.12 1 0
github.com/go-pantheon/janus/app/gate/internal/intra/net/tunnels/player/tunnel.go:72.58,74.16 2 0
github.com/go-pantheon/janus/app/gate/internal/intra/net/tunnels/player/tunnel.go:74.16,76.3 1 0
github.com/go-pantheon/janus/app/gate/internal/intra/net/tunnels/player/tunnel.go:78.2,78.17 1 0
github.com/go-pantheon/janus/app/gate/internal/intra/net/tunnels/player/tunnel.go:83.37,84.45 1 0
github.com/go-pantheon/janus/app/gate/internal/intra/net/tunnels/player/tunnel.go:84.45,86.3 1 0
github.com/go-pantheon/janus/app/gate/internal/intra/net/tunnels/player/tunnel.go:89.2,89.16 1 0
github.com/go-pantheon/janus/app/gate/internal/intra/net/tunnels/player/tunnel.go:89.16,91.3 1 0
github.com/go-pantheon/janus/app/gate/internal/router/routetable.go:18.46,22.2 1 0
github.com/go-pantheon/janus/app/gate/internal/router/routetable.go:24.88,29.16 4 0
github.com/go-pantheon/janus/app/gate/internal/router/routetable.go:29.16,31.3 1 0
github.com/go-pantheon/janus/app/gate/internal/router/routetable.go:33.2,33.59 1 0
github.com/go-pantheon/janus/app/gate/internal/router/routetable.go:33.59,35.3 1 0
github.com/go-pantheon/janus/app/gate/internal/router/routetable.go:37.2,37.12 1 0
github.com/go-pantheon/janus/app/gate/internal/router/routetable.go:40.88,45.2 3 0
github.com/go-pantheon/janus/app/gate/internal/pkg/middleware/metadata/middleware.go:15.37,16.61 1 0
github.com/go-pantheon/janus/app/gate/internal/pkg/middleware/metadata/middleware.go:16.61,17.58 1 0
github.com/go-pantheon/janus/app/gate/internal/pkg/middleware/metadata/middleware.go:17.58,29.4 4 0
github.com/go-pantheon/janus/app/gate/internal/pkg/middleware/metadata/middleware.go:33.47,37.9 3 0
github.com/go-pantheon/janus/app/gate/internal/pkg/middleware/metadata/middleware.go:37.9,39.3 1 0
github.com/go-pantheon/janus/app/gate/internal/pkg/middleware/metadata/middleware.go:41.2,48.11 7 0
github.com/go-pantheon/janus/gen/api/client/sequence/dev.pb.go:49.32,53.2 3 0
github.com/go-pantheon/janus/gen/api/client/sequence/dev.pb.go:55.33,57.2 1 0
github.com/go-pantheon/janus/gen/api/client/sequence/dev.pb.go:59.56,61.2 1 0
github.com/go-pantheon/janus/gen/api/client/sequence/dev.pb.go:63.44,65.2 1 0
github.com/go-pantheon/janus/gen/api/client/sequence/dev.pb.go:67.50,69.2 1 0
github.com/go-pantheon/janus/gen/api/client/sequence/dev.pb.go:72.48,74.2 1 0
github.com/go-pantheon/janus/gen/api/client/sequence/dev.pb.go:94.51,95.48 1 0
github.com/go-pantheon/janus/gen/api/client/sequence/dev.pb.go:95.48,97.3 1 0
github.com/go-pantheon/janus/gen/api/client/sequence/dev.pb.go:98.2,98.44 1 0
github.com/go-pantheon/janus/gen/api/client/sequence/dev.pb.go:113.13,113.47 1 0
github.com/go-pantheon/janus/gen/api/client/sequence/dev.pb.go:114.37,115.36 1 0
github.com/go-pantheon/janus/gen/api/client/sequence/dev.pb.go:115.36,117.3 1 0
github.com/go-pantheon/janus/gen/api/client/sequence/dev.pb.go:118.2,134.39 5 0
github.com/go-pantheon/janus/gen/api/client/sequence/equip.pb.go:57.36,61.2 3 0
github.com/go-pantheon/janus/gen/api/client/sequence/equip.pb.go:63.35,65.2 1 0
github.com/go-pantheon/janus/gen/api/client/sequence/equip.pb.go:67.58,69.2 1 0
github.com/go-pantheon/janus/gen/api/client/sequence/equip.pb.go:71.46,73.2 1 0
github.com/go-pantheon/janus/gen/api/client/sequence/equip.pb.go:75.52,77.2 1 0
github.com/go-pantheon/janus/gen/api/client/sequence/equip.pb.go:80.50,82.2 1 0
github.com/go-pantheon/janus/gen/api/client/sequence/equip.pb.go:106.53,107.50 1 0
github.com/go-pantheon/janus/gen/api/client/sequence/equip.pb.go:107.50,109.3 1 0
github.com/go-pantheon/janus/gen/api/client/sequence/equip.pb.go:110.2,110.46 1 0
github.com/go-pantheon/janus/gen/api/client/sequence/equip.pb.go:125.13,125.49 1 0
github.com/go-pantheon/janus/gen/api/client/sequence/equip.pb.go:126.39,127.38 1 0
github.com/go-pantheon/janus/gen/api/client/sequence/equip.pb.go:127.38,129.3 1 0
github.com/go-pantheon/janus/gen/api/client/sequence/equip.pb.go:130.2,146.41 5 0
github.com/go-pantheon/janus/gen/api/client/sequence/hero.pb.go:49.34,53.2 3 0
github.com/go-pantheon/janus/gen/api/client/sequence/hero.pb.go:55.34,57.2 1 0
github.com/go-pantheon/janus/gen/api/client/sequence/hero.pb.go:59.57,61.2 1 0
github.com/go-pantheon/janus/gen/api/client/sequence/hero.pb.go:63.45,65.2 1 0
github.com/go-pantheon/janus/gen/api/client/sequence/hero.pb.go:67.51,69.2 1 0
github.com/go-pantheon/janus/gen/api/client/sequence/hero.pb.go:72.49,74.2 1 0
github.com/go-pantheon/janus/gen/api/client/sequence/hero.pb.go:95.52,96.49 1 0
github.com/go-pantheon/janus/gen/api/client/sequence/hero.pb.go:96.49,98.3 1 0
github.com/go-pantheon/janus/gen/api/client/sequence/hero.pb.go:99.2,99.45 1 0
github.com/go-pantheon/janus/gen/api/client/sequence/hero.pb.go:114.13,114.48 1 0
github.com/go-pantheon/janus/gen/api/client/sequence/hero.pb.go:115.38,116.37 1 0
github.com/go-pantheon/janus/gen/api/client/sequence/hero.pb.go:116.37,118.3 1 0
github.com/go-pantheon/janus/gen/api/client/sequence/hero.pb.go:119.2,135.40 5 0
github.com/go-pantheon/janus/gen/api/client/sequence/room.pb.go:89.34,93.2 3 0
github.com/go-pantheon/janus/gen/api/client/sequence/room.pb.go:95.34,97.2 1 0
github.com/go-pantheon/janus/gen/api/client/sequence/room.pb.go:99.57,101.2 1 0
github.com/go-pantheon/janus/gen/api/client/sequence/room.pb.go:103.45,105.2 1 0
github.com/go-pantheon/janus/gen/api/client/sequence/room.pb.go:107.51,109.2 1 0
github.com/go-pantheon/janus/gen/api/client/sequence/room.pb.go:112.49,114.2 1 0
github.com/go-pantheon/janus/gen/api/client/sequence/room.pb.go:148.52,149.49 1 0
github.com/go-pantheon/janus/gen/api/client/sequence/room.pb.go:149.49,151.3 1 0
github.com/go-pantheon/janus/gen/api/client/sequence/room.pb.go:152.2,152.45 1 0
github.com/go-pantheon/janus/gen/api/client/sequence/room.pb.go:167.13,167.48 1 0
github.com/go-pantheon/janus/gen/api/client/sequence/room.pb.go:168.38,169.37 1 0
github.com/go-pantheon/janus/gen/api/client/sequence/room.pb.go:169.37,171.3 1 0
github.com/go-pantheon/janus/gen/api/client/sequence/room.pb.go:172.2,188.40 5 0
github.com/go-pantheon/janus/gen/api/client/sequence/storage.pb.go:49.40,53.2 3 0
github.com/go-pantheon/janus/gen/api/client/sequence/storage.pb.go:55.37,57.2 1 0
github.com/go-pantheon/janus/gen/api/client/sequence/storage.pb.go:59.60,61.2 1 0
github.com/go-pantheon/janus/gen/api/client/sequence/storage.pb.go:63.48,65.2 1 0
github.com/go-pantheon/janus/gen/api/client/sequence/storage.pb.go:67.54,69.2 1 0
github.com/go-pantheon/janus/gen/api/client/sequence/storage.pb.go:72.52,74.2 1 0
github.com/go-pantheon/janus/gen/api/client/sequence/storage.pb.go:95.55,96.52 1 0
github.com/go-pantheon/janus/gen/api/client/sequence/storage.pb.go:96.52,98.3 1 0
github.com/go-pantheon/janus/gen/api/client/sequence/storage.pb.go:99.2,99.48 1 0
github.com/go-pantheon/janus/gen/api/client/sequence/storage.pb.go:114.13,114.51 1 0
github.com/go-pantheon/janus/gen/api/client/sequence/storage.pb.go:115.41,116.40 1 0
github.com/go-pantheon/janus/gen/api/client/sequence/storage.pb.go:116.40,118.3 1 0
github.com/go-pantheon/janus/gen/api/client/sequence/storage.pb.go:119.2,135.43 5 0
github.com/go-pantheon/janus/gen/api/client/sequence/system.pb.go:57.38,61.2 3 0
github.com/go-pantheon/janus/gen/api/client/sequence/system.pb.go:63.36,65.2 1 0
github.com/go-pantheon/janus/gen/api/client/sequence/system.pb.go:67.59,69.2 1 0
github.com/go-pantheon/janus/gen/api/client/sequence/system.pb.go:71.47,73.2 1 0
github.com/go-pantheon/janus/gen/api/client/sequence/system.pb.go:75.53,77.2 1 0
github.com/go-pantheon/janus/gen/api/client/sequence/system.pb.go:80.51,82.2 1 0
github.com/go-pantheon/janus/gen/api/client/sequence/system.pb.go:106.54,107.51 1 0
github.com/go-pantheon/janus/gen/api/client/sequence/system.pb.go:107.51,109.3 1 0
github.com/go-pantheon/janus/gen/api/client/sequence/system.pb.go:110.2,110.47 1 0
github.com/go-pantheon/janus/gen/api/client/sequence/system.pb.go:125.13,125.50 1 0
github.com/go-pantheon/janus/gen/api/client/sequence/system.pb.go:126.40,127.39 1 0
github.com/go-pantheon/janus/gen/api/client/sequence/system.pb.go:127.39,129.3 1 0
github.com/go-pantheon/janus/gen/api/client/sequence/system.pb.go:130.2,146.42 5 0
github.com/go-pantheon/janus/gen/api/client/sequence/user.pb.go:57.34,61.2 3 0
github.com/go-pantheon/janus/gen/api/client/sequence/user.pb.go:63.34,65.2 1 0
github.com/go-pantheon/janus/gen/api/client/sequence/user.pb.go:67.57,69.2 1 0
github.com/go-pantheon/janus/gen/api/client/sequence/user.pb.go:71.45,73.2 1 0
github.com/go-pantheon/janus/gen/api/client/sequence/user.pb.go:75.51,77.2 1 0
github.com/go-pantheon/janus/gen/api/client/sequence/user.pb.go:80.49,82.2 1 0
github.com/go-pantheon/janus/gen/api/client/sequence/user.pb.go:105.52,106.49 1 0
github.com/go-pantheon/janus/gen/api/client/sequence/user.pb.go:106.49,108.3 1 0
github.com/go-pantheon/janus/gen/api/client/sequence/user.pb.go:109.2,109.45 1 0
github.com/go-pantheon/janus/gen/api/client/sequence/user.pb.go:124.13,124.48 1 0
github.com/go-pantheon/janus/gen/api/client/sequence/user.pb.go:125.38,126.37 1 0
github.com/go-pantheon/janus/gen/api/client/sequence/user.pb.go:126.37,128.3 1 0
github.com/go-pantheon/janus/gen/api/client/sequence/user.pb.go:129.2,145.40 5 0
github.com/go-pantheon/janus/app/gate/internal/service/push/v1/service.go:20.84,26.2 1 0
github.com/go-pantheon/janus/app/gate/internal/service/push/v1/service.go:28.110,31.2 1 0
github.com/go-pantheon/janus/app/gate/internal/service/push/v1/service.go:33.125,36.2 1 0
github.com/go-pantheon/janus/app/gate/internal/service/push/v1/service.go:38.125,41.2 1 0
github.com/go-pantheon/janus/gen/api/server/account/admin/account/v1/account.pb.go:32.34,37.2 4 0
github.com/go-pantheon/janus/gen/api/server/account/admin/account/v1/account.pb.go:39.42,41.2 1 0
github.com/go-pantheon/janus/gen/api/server/account/admin/account/v1/account.pb.go:43.40,43.41 0 0
github.com/go-pantheon/janus/gen/api/server/account/admin/account/v1/account.pb.go:45.62,47.14 2 0
github.com/go-pantheon/janus/gen/api/server/account/admin/account/v1/account.pb.go:47.14,49.34 2 0
github.com/go-pantheon/janus/gen/api/server/account/admin/account/v1/account.pb.go:49.34,51.4 1 0
github.com/go-pantheon/janus/gen/api/server/account/admin/account/v1/account.pb.go:52.3,52.12 1 0
github.com/go-pantheon/janus/gen/api/server/account/admin/account/v1/account.pb.go:54.2,54.24 1 0
github.com/go-pantheon/janus/gen/api/server/account/admin/account/v1/account.pb.go:58.53,60.2 1 0
github.com/go-pantheon/janus/gen/api/server/account/admin/account/v1/account.pb.go:62.40,63.14 1 0
github.com/go-pantheon/janus/gen/api/server/account/admin/account/v1/account.pb.go:63.14,65.3 1 0
github.com/go-pantheon/janus/gen/api/server/account/admin/account/v1/account.pb.go:66.2,66.10 1 0
github.com/go-pantheon/janus/gen/api/server/account/admin/account/v1/account.pb.go:78.35,83.2 4 0
github.com/go-pantheon/janus/gen/api/server/account/admin/account/v1/account.pb.go:85.43,87.2 1 0
github.com/go-pantheon/janus/gen/api/server/account/admin/account/v1/account.pb.go:89.41,89.42 0 0
github.com/go-pantheon/janus/gen/api/server/account/admin/account/v1/account.pb.go:91.63,93.14 2 0
github.com/go-pantheon/janus/gen/api/server/account/admin/account/v1/account.pb.go:93.14,95.34 2 0
github.com/go-pantheon/janus/gen/api/server/account/admin/account/v1/account.pb.go:95.34,97.4 1 0
github.com/go-pantheon/janus/gen/api/server/account/admin/account/v1/account.pb.go:98.3,98.12 1 0
github.com/go-pantheon/janus/gen/api/server/account/admin/account/v1/account.pb.go:100.2,100.24 1 0
github.com/go-pantheon/janus/gen/api/server/account/admin/account/v1/account.pb.go:104.54,106.2 1 0
github.com/go-pantheon/janus/gen/api/server/account/admin/account/v1/account.pb.go:108.43,109.14 1 0
github.com/go-pantheon/janus/gen/api/server/account/admin/account/v1/account.pb.go:109.14,111.3 1 0
github.com/go-pantheon/janus/gen/api/server/account/admin/account/v1/account.pb.go:112.2,112.10 1 0
github.com/go-pantheon/janus/gen/api/server/account/admin/account/v1/account.pb.go:115.47,116.14 1 0
github.com/go-pantheon/janus/gen/api/server/account/admin/account/v1/account.pb.go:116.14,118.3 1 0
github.com/go-pantheon/janus/gen/api/server/account/admin/account/v1/account.pb.go:119.2,119.11 1 0
github.com/go-pantheon/janus/gen/api/server/account/admin/account/v1/account.pb.go:122.54,123.14 1 0
github.com/go-pantheon/janus/gen/api/server/account/admin/account/v1/account.pb.go:123.14,125.3 1 0
github.com/go-pantheon/janus/gen/api/server/account/admin/account/v1/account.pb.go:126.2,126.12 1 0
github.com/go-pantheon/janus/gen/api/server/account/admin/account/v1/account.pb.go:138.38,143.2 4 0
github.com/go-pantheon/janus/gen/api/server/account/admin/account/v1/account.pb.go:145.46,147.2 1 0
github.com/go-pantheon/janus/gen/api/server/account/admin/account/v1/account.pb.go:149.44,149.45 0 0
github.com/go-pantheon/janus/gen/api/server/account/admin/account/v1/account.pb.go:151.66,153.14 2 0
github.com/go-pantheon/janus/gen/api/server/account/admin/account/v1/account.pb.go:153.14,155.34 2 0
github.com/go-pantheon/janus/gen/api/server/account/admin/account/v1/account.pb.go:155.34,157.4 1 0
github.com/go-pantheon/janus/gen/api/server/account/admin/account/v1/account.pb.go:158.3,158.12 1 0
github.com/go-pantheon/janus/gen/api/server/account/admin/account/v1/account.pb.go:160.2,160.24 1 0
github.com/go-pantheon/janus/gen/api/server/account/admin/account/v1/account.pb.go:164.57,166.2 1 0
github.com/go-pantheon/janus/gen/api/server/account/admin/account/v1/account.pb.go:168.46,169.14 1 0
github.com/go-pantheon/janus/gen/api/server/account/admin/account/v1/account.pb.go:169.14,171.3 1 0
github.com/go-pantheon/janus/gen/api/server/account/admin/account/v1/account.pb.go:172.2,172.10 1 0
github.com/go-pantheon/janus/gen/api/server/account/admin/account/v1/account.pb.go:175.50,176.14 1 0
github.com/go-pantheon/janus/gen/api/server/account/admin/account/v1/account.pb.go:176.14,178.3 1 0
github.com/go-pantheon/janus/gen/api/server/account/admin/account/v1/account.pb.go:179.2,179.10 1 0
github.com/go-pantheon/janus/gen/api/server/account/admin/account/v1/account.pb.go:182.67,183.14 1 0
github.com/go-pantheon/janus/gen/api/server/account/admin/account/v1/account.pb.go:183.14,185.3 1 0
github.com/go-pantheon/janus/gen/api/server/account/admin/account/v1/account.pb.go:186.2,186.12 1 0
github.com/go-pantheon/janus/gen/api/server/account/admin/account/v1/account.pb.go:198.40,203.2 4 0
github.com/go-pantheon/janus/gen/api/server/account/admin/account/v1/account.pb.go:205.48,207.2 1 0
github.com/go-pantheon/janus/gen/api/server/account/admin/account/v1/account.pb.go:209.46,209.47 0 0
github.com/go-pantheon/janus/gen/api/server/account/admin/account/v1/account.pb.go:211.68,213.14 2 0
github.com/go-pantheon/janus/gen/api/server/account/admin/account/v1/account.pb.go:213.14,215.34 2 0
github.com/go-pantheon/janus/gen/api/server/account/admin/account/v1/account.pb.go:215.34,217.4 1 0
github.com/go-pantheon/janus/gen/api/server/account/admin/account/v1/account.pb.go:218.3,218.12 1 0
github.com/go-pantheon/janus/gen/api/server/account/admin/account/v1/account.pb.go:220.2,220.24 1 0
github.com/go-pantheon/janus/gen/api/server/account/admin/account/v1/account.pb.go:224.59,226.2 1 0
github.com/go-pantheon/janus/gen/api/server/account/admin/account/v1/account.pb.go:228.49,229.14 1 0
github.com/go-pantheon/janus/gen/api/server/account/admin/account/v1/account.pb.go:229.14,231.3 1 0
github.com/go-pantheon/janus/gen/api/server/account/admin/account/v1/account.pb.go:232.2,232.11 1 0
github.com/go-pantheon/janus/gen/api/server/account/admin/account/v1/account.pb.go:235.52,236.14 1 0
github.com/go-pantheon/janus/gen/api/server/account/admin/account/v1/account.pb.go:236.14,238.3 1 0
github.com/go-pantheon/janus/gen/api/server/account/admin/account/v1/account.pb.go:239.2,239.11 1 0
github.com/go-pantheon/janus/gen/api/server/account/admin/account/v1/account.pb.go:242.53,243.14 1 0
github.com/go-pantheon/janus/gen/api/server/account/admin/account/v1/account.pb.go:243.14,245.3 1 0
github.com/go-pantheon/janus/gen/api/server/account/admin/account/v1/account.pb.go:246.2,246.11 1 0
github.com/go-pantheon/janus/gen/api/server/account/admin/account/v1/account.pb.go:259.39,264.2 4 0
github.com/go-pantheon/janus/gen/api/server/account/admin/account/v1/account.pb.go:266.47,268.2 1 0
github.com/go-pantheon/janus/gen/api/server/account/admin/account/v1/account.pb.go:270.45,270.46 0 0
github.com/go-pantheon/janus/gen/api/server/account/admin/account/v1/account.pb.go:272.67,274.14 2 0
github.com/go-pantheon/janus/gen/api/server/account/admin/account/v1/account.pb.go:274.14,276.34 2 0
github.com/go-pantheon/janus/gen/api/server/account/admin/account/v1/account.pb.go:276.34,278.4 1 0
github.com/go-pantheon/janus/gen/api/server/account/admin/account/v1/account.pb.go:279.3,279.12 1 0
github.com/go-pantheon/janus/gen/api/server/account/admin/account/v1/account.pb.go:281.2,281.24 1 0
github.com/go-pantheon/janus/gen/api/server/account/admin/account/v1/account.pb.go:285.58,287.2 1 0
github.com/go-pantheon/janus/gen/api/server/account/admin/account/v1/account.pb.go:289.47,290.14 1 0
github.com/go-pantheon/janus/gen/api/server/account/admin/account/v1/account.pb.go:290.14,292.3 1 0
github.com/go-pantheon/janus/gen/api/server/account/admin/account/v1/account.pb.go:293.2,293.10 1 0
github.com/go-pantheon/janus/gen/api/server/account/admin/account/v1/account.pb.go:296.51,297.14 1 0
github.com/go-pantheon/janus/gen/api/server/account/admin/account/v1/account.pb.go:297.14,299.3 1 0
github.com/go-pantheon/janus/gen/api/server/account/admin/account/v1/account.pb.go:300.2,300.11 1 0
github.com/go-pantheon/janus/gen/api/server/account/admin/account/v1/account.pb.go:303.61,304.14 1 0
github.com/go-pantheon/janus/gen/api/server/account/admin/account/v1/account.pb.go:304.14,306.3 1 0
github.com/go-pantheon/janus/gen/api/server/account/admin/account/v1/account.pb.go:307.2,307.12 1 0
github.com/go-pantheon/janus/gen/api/server/account/admin/account/v1/account.pb.go:310.49,311.14 1 0
github.com/go-pantheon/janus/gen/api/server/account/admin/account/v1/account.pb.go:311.14,313.3 1 0
github.com/go-pantheon/janus/gen/api/server/account/admin/account/v1/account.pb.go:314.2,314.10 1 0
github.com/go-pantheon/janus/gen/api/server/account/admin/account/v1/account.pb.go:332.32,337.2 4 0
github.com/go-pantheon/janus/gen/api/server/account/admin/account/v1/account.pb.go:339.40,341.2 1 0
github.com/go-pantheon/janus/gen/api/server/account/admin/account/v1/account.pb.go:343.38,343.39 0 0
github.com/go-pantheon/janus/gen/api/server/account/admin/account/v1/account.pb.go:345.60,347.14 2 0
github.com/go-pantheon/janus/gen/api/server/account/admin/account/v1/account.pb.go:347.14,349.34 2 0
github.com/go-pantheon/janus/gen/api/server/account/admin/account/v1/account.pb.go:349.34,351.4 1 0
github.com/go-pantheon/janus/gen/api/server/account/admin/account/v1/account.pb.go:352.3,352.12 1 0
github.com/go-pantheon/janus/gen/api/server/account/admin/account/v1/account.pb.go:354.2,354.24 1 0
github.com/go-pantheon/janus/gen/api/server/account/admin/account/v1/account.pb.go:358.51,360.2 1 0
github.com/go-pantheon/janus/gen/api/server/account/admin/account/v1/account.pb.go:362.38,363.14 1 0
github.com/go-pantheon/janus/gen/api/server/account/admin/account/v1/account.pb.go:363.14,365.3 1 0
github.com/go-pantheon/janus/gen/api/server/account/admin/account/v1/account.pb.go:366.2,366.10 1 0
github.com/go-pantheon/janus/gen/api/server/account/admin/account/v1/account.pb.go:369.42,370.14 1 0
github.com/go-pantheon/janus/gen/api/server/account/admin/account/v1/account.pb.go:370.14,372.3 1 0
github.com/go-pantheon/janus/gen/api/server/account/admin/account/v1/account.pb.go:373.2,373.11 1 0
github.com/go-pantheon/janus/gen/api/server/account/admin/account/v1/account.pb.go:376.44,377.14 1 0
github.com/go-pantheon/janus/gen/api/server/account/admin/account/v1/account.pb.go:377.14,379.3 1 0
github.com/go-pantheon/janus/gen/api/server/account/admin/account/v1/account.pb.go:380.2,380.11 1 0
github.com/go-pantheon/janus/gen/api/server/account/admin/account/v1/account.pb.go:383.45,384.14 1 0
github.com/go-pantheon/janus/gen/api/server/account/admin/account/v1/account.pb.go:384.14,386.3 1 0
github.com/go-pantheon/janus/gen/api/server/account/admin/account/v1/account.pb.go:387.2,387.11 1 0
github.com/go-pantheon/janus/gen/api/server/account/admin/account/v1/account.pb.go:390.41,391.14 1 0
github.com/go-pantheon/janus/gen/api/server/account/admin/account/v1/account.pb.go:391.14,393.3 1 0
github.com/go-pantheon/janus/gen/api/server/account/admin/account/v1/account.pb.go:394.2,394.11 1 0
github.com/go-pantheon/janus/gen/api/server/account/admin/account/v1/account.pb.go:397.47,398.14 1 0
github.com/go-pantheon/janus/gen/api/server/account/admin/account/v1/account.pb.go:398.14,400.3 1 0
github.com/go-pantheon/janus/gen/api/server/account/admin/account/v1/account.pb.go:401.2,401.11 1 0
github.com/go-pantheon/janus/gen/api/server/account/admin/account/v1/account.pb.go:404.48,405.14 1 0
github.com/go-pantheon/janus/gen/api/server/account/admin/account/v1/account.pb.go:405.14,407.3 1 0
github.com/go-pantheon/janus/gen/api/server/account/admin/account/v1/account.pb.go:408.2,408.11 1 0
github.com/go-pantheon/janus/gen/api/server/account/admin/account/v1/account.pb.go:411.43,412.14 1 0
github.com/go-pantheon/janus/gen/api/server/account/admin/account/v1/account.pb.go:412.14,414.3 1 0
github.com/go-pantheon/janus/gen/api/server/account/admin/account/v1/account.pb.go:415.2,415.10 1 0
github.com/go-pantheon/janus/gen/api/server/account/admin/account/v1/account.pb.go:418.45,419.14 1 0
github.com/go-pantheon/janus/gen/api/server/account/admin/account/v1/account.pb.go:419.14,421.3 1 0
github.com/go-pantheon/janus/gen/api/server/account/admin/account/v1/account.pb.go:422.2,422.10 1 0
github.com/go-pantheon/janus/gen/api/server/account/admin/account/v1/account.pb.go:514.71,515.68 1 0
github.com/go-pantheon/janus/gen/api/server/account/admin/account/v1/account.pb.go:515.68,517.3 1 0
github.com/go-pantheon/janus/gen/api/server/account/admin/account/v1/account.pb.go:518.2,518.64 1 0
github.com/go-pantheon/janus/gen/api/server/account/admin/account/v1/account.pb.go:545.13,545.67 1 0
github.com/go-pantheon/janus/gen/api/server/account/admin/account/v1/account.pb.go:546.57,547.56 1 0
github.com/go-pantheon/janus/gen/api/server/account/admin/account/v1/account.pb.go:547.56,549.3 1 0
github.com/go-pantheon/janus/gen/api/server/account/admin/account/v1/account.pb.go:550.2,566.59 5 0
github.com/go-pantheon/janus/gen/api/server/account/admin/account/v1/account.pb.validate.go:41.43,43.2 1 0
github.com/go-pantheon/janus/gen/api/server/account/admin/account/v1/account.pb.validate.go:49.46,51.2 1 0
github.com/go-pantheon/janus/gen/api/server/account/admin/account/v1/account.pb.validate.go:53.51,54.14 1 0
github.com/go-pantheon/janus/gen/api/server/account/admin/account/v1/account.pb.validate.go:54.14,56.3 1 0
github.com/go-pantheon/janus/gen/api/server/account/admin/account/v1/account.pb.validate.go:58.2,62.21 2 0
github.com/go-pantheon/janus/gen/api/server/account/admin/account/v1/account.pb.validate.go:62.21,64.3 1 0
github.com/go-pantheon/janus/gen/api/server/account/admin/account/v1/account.pb.validate.go:66.2,66.12 1 0
github.com/go-pantheon/janus/gen/api/server/account/admin/account/v1/account.pb.validate.go:75.50,77.24 2 0
github.com/go-pantheon/janus/gen/api/server/account/admin/account/v1/account.pb.validate.go:77.24,79.3 1 0
github.com/go-pantheon/janus/gen/api/server/account/admin/account/v1/account.pb.validate.go:80.2,80.33 1 0
github.com/go-pantheon/janus/gen/api/server/account/admin/account/v1/account.pb.validate.go:84.55,84.67 1 0
github.com/go-pantheon/janus/gen/api/server/account/admin/account/v1/account.pb.validate.go:96.55,96.73 1 0
github.com/go-pantheon/janus/gen/api/server/account/admin/account/v1/account.pb.validate.go:99.56,99.75 1 0
github.com/go-pantheon/janus/gen/api/server/account/admin/account/v1/account.pb.validate.go:102.54,102.72 1 0
github.com/go-pantheon/janus/gen/api/server/account/admin/account/v1/account.pb.validate.go:105.51,105.67 1 0
github.com/go-pantheon/janus/gen/api/server/account/admin/account/v1/account.pb.validate.go:108.59,108.101 1 0
github.com/go-pantheon/janus/gen/api/server/account/admin/account/v1/account.pb.validate.go:111.55,113.20 2 0
github.com/go-pantheon/janus/gen/api/server/account/admin/account/v1/account.pb.validate.go:113.20,115.3 1 0
github.com/go-pantheon/janus/gen/api/server/account/admin/account/v1/account.pb.validate.go:117.2,118.11 2 0
github.com/go-pantheon/janus/gen/api/server/account/admin/account/v1/account.pb.validate.go:118.11,120.3 1 0
github.com/go-pantheon/janus/gen/api/server/account/admin/account/v1/account.pb.validate.go:122.2,127.9 1 0
github.com/go-pantheon/janus/gen/api/server/account/admin/account/v1/account.pb.validate.go:143.44,145.2 1 0
github.com/go-pantheon/janus/gen/api/server/account/admin/account/v1/account.pb.validate.go:151.47,153.2 1 0
github.com/go-pantheon/janus/gen/api/server/account/admin/account/v1/account.pb.validate.go:155.52,156.14 1 0
github.com/go-pantheon/janus/gen/api/server/account/admin/account/v1/account.pb.validate.go:156.14,158.3 1 0
github.com/go-pantheon/janus/gen/api/server/account/admin/account/v1/account.pb.validate.go:160.2,166.9 2 0
github.com/go-pantheon/janus/gen/api/server/account/admin/account/v1/account.pb.validate.go:166.9,167.50 1 0
github.com/go-pantheon/janus/gen/api/server/account/admin/account/v1/account.pb.validate.go:168.41,169.42 1 0
github.com/go-pantheon/janus/gen/api/server/account/admin/account/v1/account.pb.validate.go:169.42,175.5 1 0
github.com/go-pantheon/janus/gen/api/server/account/admin/account/v1/account.pb.validate.go:176.38,177.39 1 0
github.com/go-pantheon/janus/gen/api/server/account/admin/account/v1/account.pb.validate.go:177.39,183.5 1 0
github.com/go-pantheon/janus/gen/api/server/account/admin/account/v1/account.pb.validate.go:185.8,185.85 1 0
github.com/go-pantheon/janus/gen/api/server/account/admin/account/v1/account.pb.validate.go:185.85,186.38 1 0
github.com/go-pantheon/janus/gen/api/server/account/admin/account/v1/account.pb.validate.go:186.38,192.4 1 0
github.com/go-pantheon/janus/gen/api/server/account/admin/account/v1/account.pb.validate.go:195.2,195.21 1 0
github.com/go-pantheon/janus/gen/api/server/account/admin/account/v1/account.pb.validate.go:195.21,197.3 1 0
github.com/go-pantheon/janus/gen/api/server/account/admin/account/v1/account.pb.validate.go:199.2,199.12 1 0
github.com/go-pantheon/janus/gen/api/server/account/admin/account/v1/account.pb.validate.go:208.51,210.24 2 0
github.com/go-pantheon/janus/gen/api/server/account/admin/account/v1/account.pb.validate.go:210.24,212.3 1 0
github.com/go-pantheon/janus/gen/api/server/account/admin/account/v1/account.pb.validate.go:213.2,213.33 1 0
github.com/go-pantheon/janus/gen/api/server/account/admin/account/v1/account.pb.validate.go:217.56,217.68 1 0
github.com/go-pantheon/janus/gen/api/server/account/admin/account/v1/account.pb.validate.go:229.56,229.74 1 0
github.com/go-pantheon/janus/gen/api/server/account/admin/account/v1/account.pb.validate.go:232.57,232.76 1 0
github.com/go-pantheon/janus/gen/api/server/account/admin/account/v1/account.pb.validate.go:235.55,235.73 1 0
github.com/go-pantheon/janus/gen/api/server/account/admin/account/v1/account.pb.validate.go:238.52,238.68 1 0
github.com/go-pantheon/janus/gen/api/server/account/admin/account/v1/account.pb.validate.go:241.60,241.103 1 0
github.com/go-pantheon/janus/gen/api/server/account/admin/account/v1/account.pb.validate.go:244.56,246.20 2 0
github.com/go-pantheon/janus/gen/api/server/account/admin/account/v1/account.pb.validate.go:246.20,248.3 1 0
github.com/go-pantheon/janus/gen/api/server/account/admin/account/v1/account.pb.validate.go:250.2,251.11 2 0
github.com/go-pantheon/janus/gen/api/server/account/admin/account/v1/account.pb.validate.go:251.11,253.3 1 0
github.com/go-pantheon/janus/gen/api/server/account/admin/account/v1/account.pb.validate.go:255.2,260.9 1 0
github.com/go-pantheon/janus/gen/api/server/account/admin/account/v1/account.pb.validate.go:276.47,278.2 1 0
github.com/go-pantheon/janus/gen/api/server/account/admin/account/v1/account.pb.validate.go:284.50,286.2 1 0
github.com/go-pantheon/janus/gen/api/server/account/admin/account/v1/account.pb.validate.go:288.55,289.14 1 0
github.com/go-pantheon/janus/gen/api/server/account/admin/account/v1/account.pb.validate.go:289.14,291.3 1 0
github.com/go-pantheon/janus/gen/api/server/account/admin/account/v1/account.pb.validate.go:293.2,299.9 2 0
github.com/go-pantheon/janus/gen/api/server/account/admin/account/v1/account.pb.validate.go:299.9,300.52 1 0
github.com/go-pantheon/janus/gen/api/server/account/admin/account/v1/account.pb.validate.go:301.41,302.42 1 0
github.com/go-pantheon/janus/gen/api/server/account/admin/account/v1/account.pb.validate.go:302.42,308.5 1 0
github.com/go-pantheon/janus/gen/api/server/account/admin/account/v1/account.pb.validate.go:309.38,310.39 1 0
github.com/go-pantheon/janus/gen/api/server/account/admin/account/v1/account.pb.validate.go:310.39,316.5 1 0
github.com/go-pantheon/janus/gen/api/server/account/admin/account/v1/account.pb.validate.go:318.8,318.87 1 0
github.com/go-pantheon/janus/gen/api/server/account/admin/account/v1/account.pb.validate.go:318.87,319.38 1 0
github.com/go-pantheon/janus/gen/api/server/account/admin/account/v1/account.pb.validate.go:319.38,325.4 1 0
github.com/go-pantheon/janus/gen/api/server/account/admin/account/v1/account.pb.validate.go:328.2,328.21 1 0
github.com/go-pantheon/janus/gen/api/server/account/admin/account/v1/account.pb.validate.go:328.21,330.3 1 0
github.com/go-pantheon/janus/gen/api/server/account/admin/account/v1/account.pb.validate.go:332.2,332.12 1 0
github.com/go-pantheon/janus/gen/api/server/account/admin/account/v1/account.pb.validate.go:341.54,343.24 2 0
github.com/go-pantheon/janus/gen/api/server/account/admin/account/v1/account.pb.validate.go:343.24,345.3 1 0
github.com/go-pantheon/janus/gen/api/server/account/admin/account/v1/account.pb.validate.go:346.2,346.33 1 0
github.com/go-pantheon/janus/gen/api/server/account/admin/account/v1/account.pb.validate.go:350.59,350.71 1 0
github.com/go-pantheon/janus/gen/api/server/account/admin/account/v1/account.pb.validate.go:362.59,362.77 1 0
github.com/go-pantheon/janus/gen/api/server/account/admin/account/v1/account.pb.validate.go:365.60,365.79 1 0
github.com/go-pantheon/janus/gen/api/server/account/admin/account/v1/account.pb.validate.go:368.58,368.76 1 0
github.com/go-pantheon/janus/gen/api/server/account/admin/account/v1/account.pb.validate.go:371.55,371.71 1 0
github.com/go-pantheon/janus/gen/api/server/account/admin/account/v1/account.pb.validate.go:374.63,376.2 1 0
github.com/go-pantheon/janus/gen/api/server/account/admin/account/v1/account.pb.validate.go:379.59,381.20 2 0
github.com/go-pantheon/janus/gen/api/server/account/admin/account/v1/account.pb.validate.go:381.20,383.3 1 0
github.com/go-pantheon/janus/gen/api/server/account/admin/account/v1/account.pb.validate.go:385.2,386.11 2 0
github.com/go-pantheon/janus/gen/api/server/account/admin/account/v1/account.pb.validate.go:386.11,388.3 1 0
github.com/go-pantheon/janus/gen/api/server/account/admin/account/v1/account.pb.validate.go:390.2,395.9 1 0
github.com/go-pantheon/janus/gen/api/server/account/admin/account/v1/account.pb.validate.go:411.49,413.2 1 0
github.com/go-pantheon/janus/gen/api/server/account/admin/account/v1/account.pb.validate.go:419.52,421.2 1 0
github.com/go-pantheon/janus/gen/api/server/account/admin/account/v1/account.pb.validate.go:423.57,424.14 1 0
github.com/go-pantheon/janus/gen/api/server/account/admin/account/v1/account.pb.validate.go:424.14,426.3 1 0
github.com/go-pantheon/janus/gen/api/server/account/admin/account/v1/account.pb.validate.go:428.2,436.21 2 0
github.com/go-pantheon/janus/gen/api/server/account/admin/account/v1/account.pb.validate.go:436.21,438.3 1 0
github.com/go-pantheon/janus/gen/api/server/account/admin/account/v1/account.pb.validate.go:440.2,440.12 1 0
github.com/go-pantheon/janus/gen/api/server/account/admin/account/v1/account.pb.validate.go:449.56,451.24 2 0
github.com/go-pantheon/janus/gen/api/server/account/admin/account/v1/account.pb.validate.go:451.24,453.3 1 0
github.com/go-pantheon/janus/gen/api/server/account/admin/account/v1/account.pb.validate.go:454.2,454.33 1 0
github.com/go-pantheon/janus/gen/api/server/account/admin/account/v1/account.pb.validate.go:458.61,458.73 1 0
[...]
github.com/go-pantheon/janus/gen/api/server/room/admin/room/v1/room.pb.go:152.14,154.34 2 0
github.com/go-pantheon/janus/gen/api/server/room/admin/room/v1/room.pb.go:154.34,156.4 1 0
github.com/go-pantheon/janus/gen/api/server/room/admin/room/v1/room.pb.go:157.3,157.12 1 0
github.com/go-pantheon/janus/gen/api/server/room/admin/room/v1/room.pb.go:159.2,159.24 1 0
github.com/go-pantheon/janus/gen/api/server/room/admin/room/v1/room.pb.go:163.48,165.2 1 0
github.com/go-pantheon/janus/gen/api/server/room/admin/room/v1/room.pb.go:167.35,168.14 1 0
github.com/go-pantheon/janus/gen/api/server/room/admin/room/v1/room.pb.go:168.14,170.3 1 0
github.com/go-pantheon/janus/gen/api/server/room/admin/room/v1/room.pb.go:171.2,171.10 1 0
github.com/go-pantheon/janus/gen/api/server/room/admin/room/v1/room.pb.go:174.42,175.14 1 0
github.com/go-pantheon/janus/gen/api/server/room/admin/room/v1/room.pb.go:175.14,177.3 1 0
github.com/go-pantheon/janus/gen/api/server/room/admin/room/v1/room.pb.go:178.2,178.10 1 0
github.com/go-pantheon/janus/gen/api/server/room/admin/room/v1/room.pb.go:220.62,221.59 1 0
github.com/go-pantheon/janus/gen/api/server/room/admin/room/v1/room.pb.go:221.59,223.3 1 0
github.com/go-pantheon/janus/gen/api/server/room/admin/room/v1/room.pb.go:224.2,224.55 1 0
github.com/go-pantheon/janus/gen/api/server/room/admin/room/v1/room.pb.go:244.13,244.58 1 0
github.com/go-pantheon/janus/gen/api/server/room/admin/room/v1/room.pb.go:245.48,246.47 1 0
github.com/go-pantheon/janus/gen/api/server/room/admin/room/v1/room.pb.go:246.47,248.3 1 0
github.com/go-pantheon/janus/gen/api/server/room/admin/room/v1/room.pb.go:249.2,265.50 5 0
github.com/go-pantheon/janus/gen/api/server/room/admin/room/v1/room.pb.validate.go:41.43,43.2 1 0
github.com/go-pantheon/janus/gen/api/server/room/admin/room/v1/room.pb.validate.go:49.46,51.2 1 0
github.com/go-pantheon/janus/gen/api/server/room/admin/room/v1/room.pb.validate.go:53.51,54.14 1 0
github.com/go-pantheon/janus/gen/api/server/room/admin/room/v1/room.pb.validate.go:54.14,56.3 1 0
github.com/go-pantheon/janus/gen/api/server/room/admin/room/v1/room.pb.validate.go:58.2,62.21 2 0
github.com/go-pantheon/janus/gen/api/server/room/admin/room/v1/room.pb.validate.go:62.21,64.3 1 0
github.com/go-pantheon/janus/gen/api/server/room/admin/room/v1/room.pb.validate.go:66.2,66.12 1 0
github.com/go-pantheon/janus/gen/api/server/room/admin/room/v1/room.pb.validate.go:75.50,77.24 2 0
github.com/go-pantheon/janus/gen/api/server/room/admin/room/v1/room.pb.validate.go:77.24,79.3 1 0
github.com/go-pantheon/janus/gen/api/server/room/admin/room/v1/room.pb.validate.go:80.2,80.33 1 0
github.com/go-pantheon/janus/gen/api/server/room/admin/room/v1/room.pb.validate.go:84.55,84.67 1 0
github.com/go-pantheon/janus/gen/api/server/room/admin/room/v1/room.pb.validate.go:96.55,96.73 1 0
github.com/go-pantheon/janus/gen/api/server/room/admin/room/v1/room.pb.validate.go:99.56,99.75 1 0
github.com/go-pantheon/janus/gen/api/server/room/admin/room/v1/room.pb.validate.go:102.54,102.72 1 0
github.com/go-pantheon/janus/gen/api/server/room/admin/room/v1/room.pb.validate.go:105.51,105.67 1 0
github.com/go-pantheon/janus/gen/api/server/room/admin/room/v1/room.pb.validate.go:108.59,108.101 1 0
github.com/go-pantheon/janus/gen/api/server/room/admin/room/v1/room.pb.validate.go:111.55,113.20 2 0
github.com/go-pantheon/janus/gen/api/server/room/admin/room/v1/room.pb.validate.go:113.20,115.3 1 0
github.com/go-pantheon/janus/gen/api/server/room/admin/room/v1/room.pb.validate.go:117.2,118.11 2 0
github.com/go-pantheon/janus/gen/api/server/room/admin/room/v1/room.pb.validate.go:118.11,120.3 1 0
github.com/go-pantheon/janus/gen/api/server/room/admin/room/v1/room.pb.validate.go:122.2,127.9 1 0
github.com/go-pantheon/janus/gen/api/server/room/admin/room/v1/room.pb.validate.go:143.44,145.2 1 0
github.com/go-pantheon/janus/gen/api/server/room/admin/room/v1/room.pb.validate.go:151.47,153.2 1 0
github.com/go-pantheon/janus/gen/api/server/room/admin/room/v1/room.pb.validate.go:155.52,156.14 1 0
github.com/go-pantheon/janus/gen/api/server/room/admin/room/v1/room.pb.validate.go:156.14,158.3 1 0
github.com/go-pantheon/janus/gen/api/server/room/admin/room/v1/room.pb.validate.go:160.2,166.9 2 0
github.com/go-pantheon/janus/gen/api/server/room/admin/room/v1/room.pb.validate.go:166.9,167.47 1 0
github.com/go-pantheon/janus/gen/api/server/room/admin/room/v1/room.pb.validate.go:168.41,169.42 1 0
github.com/go-pantheon/janus/gen/api/server/room/admin/room/v1/room.pb.validate.go:169.42,175.5 1 0
github.com/go-pantheon/janus/gen/api/server/room/admin/room/v1/room.pb.validate.go:176.38,177.39 1 0
github.com/go-pantheon/janus/gen/api/server/room/admin/room/v1/room.pb.validate.go:177.39,183.5 1 0
github.com/go-pantheon/janus/gen/api/server/room/admin/room/v1/room.pb.validate.go:185.8,185.82 1 0
github.com/go-pantheon/janus/gen/api/server/room/admin/room/v1/room.pb.validate.go:185.82,186.38 1 0
github.com/go-pantheon/janus/gen/api/server/room/admin/room/v1/room.pb.validate.go:186.38,192.4 1 0
github.com/go-pantheon/janus/gen/api/server/room/admin/room/v1/room.pb.validate.go:195.2,195.21 1 0
github.com/go-pantheon/janus/gen/api/server/room/admin/room/v1/room.pb.validate.go:195.21,197.3 1 0
github.com/go-pantheon/janus/gen/api/server/room/admin/room/v1/room.pb.validate.go:199.2,199.12 1 0
github.com/go-pantheon/janus/gen/api/server/room/admin/room/v1/room.pb.validate.go:208.51,210.24 2 0
github.com/go-pantheon/janus/gen/api/server/room/admin/room/v1/room.pb.validate.go:210.24,212.3 1 0
github.com/go-pantheon/janus/gen/api/server/room/admin/room/v1/room.pb.validate.go:213.2,213.33 1 0
github.com/go-pantheon/janus/gen/api/server/room/admin/room/v1/room.pb.validate.go:217.56,217.68 1 0
github.com/go-pantheon/janus/gen/api/server/room/admin/room/v1/room.pb.validate.go:229.56,229.74 1 0
github.com/go-pantheon/janus/gen/api/server/room/admin/room/v1/room.pb.validate.go:232.57,232.76 1 0
github.com/go-pantheon/janus/gen/api/server/room/admin/room/v1/room.pb.validate.go:235.55,235.73 1 0
github.com/go-pantheon/janus/gen/api/server/room/admin/room/v1/room.pb.validate.go:238.52,238.68 1 0
github.com/go-pantheon/janus/gen/api/server/room/admin/room/v1/room.pb.validate.go:241.60,241.103 1 0
github.com/go-pantheon/janus/gen/api/server/room/admin/room/v1/room.pb.validate.go:244.56,246.20 2 0
github.com/go-pantheon/janus/gen/api/server/room/admin/room/v1/room.pb.validate.go:246.20,248.3 1 0
github.com/go-pantheon/janus/gen/api/server/room/admin/room/v1/room.pb.validate.go:250.2,251.11 2 0
github.com/go-pantheon/janus/gen/api/server/room/admin/room/v1/room.pb.validate.go:251.11,253.3 1 0
github.com/go-pantheon/janus/gen/api/server/room/admin/room/v1/room.pb.validate.go:255.2,260.9 1 0
github.com/go-pantheon/janus/gen/api/server/room/admin/room/v1/room.pb.validate.go:276.38,278.2 1 0
github.com/go-pantheon/janus/gen/api/server/room/admin/room/v1/room.pb.validate.go:284.41,286.2 1 0
github.com/go-pantheon/janus/gen/api/server/room/admin/room/v1/room.pb.validate.go:288.46,289.14 1 0
github.com/go-pantheon/janus/gen/api/server/room/admin/room/v1/room.pb.validate.go:289.14,291.3 1 0
github.com/go-pantheon/janus/gen/api/server/room/admin/room/v1/room.pb.validate.go:293.2,299.21 2 0
github.com/go-pantheon/janus/gen/api/server/room/admin/room/v1/room.pb.validate.go:299.21,301.3 1 0
github.com/go-pantheon/janus/gen/api/server/room/admin/room/v1/room.pb.validate.go:303.2,303.12 1 0
github.com/go-pantheon/janus/gen/api/server/room/admin/room/v1/room.pb.validate.go:311.45,313.24 2 0
github.com/go-pantheon/janus/gen/api/server/room/admin/room/v1/room.pb.validate.go:313.24,315.3 1 0
github.com/go-pantheon/janus/gen/api/server/room/admin/room/v1/room.pb.validate.go:316.2,316.33 1 0
github.com/go-pantheon/janus/gen/api/server/room/admin/room/v1/room.pb.validate.go:320.50,320.62 1 0
github.com/go-pantheon/janus/gen/api/server/room/admin/room/v1/room.pb.validate.go:332.50,332.68 1 0
github.com/go-pantheon/janus/gen/api/server/room/admin/room/v1/room.pb.validate.go:335.51,335.70 1 0
github.com/go-pantheon/janus/gen/api/server/room/admin/room/v1/room.pb.validate.go:338.49,338.67 1 0
github.com/go-pantheon/janus/gen/api/server/room/admin/room/v1/room.pb.validate.go:341.46,341.62 1 0
github.com/go-pantheon/janus/gen/api/server/room/admin/room/v1/room.pb.validate.go:344.54,344.91 1 0
github.com/go-pantheon/janus/gen/api/server/room/admin/room/v1/room.pb.validate.go:347.50,349.20 2 0
github.com/go-pantheon/janus/gen/api/server/room/admin/room/v1/room.pb.validate.go:349.20,351.3 1 0
github.com/go-pantheon/janus/gen/api/server/room/admin/room/v1/room.pb.validate.go:353.2,354.11 2 0
github.com/go-pantheon/janus/gen/api/server/room/admin/room/v1/room.pb.validate.go:354.11,356.3 1 0
github.com/go-pantheon/janus/gen/api/server/room/admin/room/v1/room.pb.validate.go:358.2,363.9 1 0
github.com/go-pantheon/janus/gen/api/server/room/admin/room/v1/room_error.pb.go:47.62,51.2 3 0
github.com/go-pantheon/janus/gen/api/server/room/admin/room/v1/room_error.pb.go:53.48,55.2 1 0
github.com/go-pantheon/janus/gen/api/server/room/admin/room/v1/room_error.pb.go:57.71,59.2 1 0
github.com/go-pantheon/janus/gen/api/server/room/admin/room/v1/room_error.pb.go:61.59,63.2 1 0
github.com/go-pantheon/janus/gen/api/server/room/admin/room/v1/room_error.pb.go:65.65,67.2 1 0
github.com/go-pantheon/janus/gen/api/server/room/admin/room/v1/room_error.pb.go:70.63,72.2 1 0
github.com/go-pantheon/janus/gen/api/server/room/admin/room/v1/room_error.pb.go:103.68,104.65 1 0
github.com/go-pantheon/janus/gen/api/server/room/admin/room/v1/room_error.pb.go:104.65,106.3 1 0
github.com/go-pantheon/janus/gen/api/server/room/admin/room/v1/room_error.pb.go:107.2,107.61 1 0
github.com/go-pantheon/janus/gen/api/server/room/admin/room/v1/room_error.pb.go:122.13,122.64 1 0
github.com/go-pantheon/janus/gen/api/server/room/admin/room/v1/room_error.pb.go:123.54,124.53 1 0
github.com/go-pantheon/janus/gen/api/server/room/admin/room/v1/room_error.pb.go:124.53,126.3 1 0
github.com/go-pantheon/janus/gen/api/server/room/admin/room/v1/room_error.pb.go:127.2,143.56 5 0
github.com/go-pantheon/janus/gen/api/server/room/admin/room/v1/room_error_errors.pb.go:14.57,15.16 1 0
github.com/go-pantheon/janus/gen/api/server/room/admin/room/v1/room_error_errors.pb.go:15.16,17.3 1 0
github.com/go-pantheon/janus/gen/api/server/room/admin/room/v1/room_error_errors.pb.go:18.2,19.105 2 0
github.com/go-pantheon/janus/gen/api/server/room/admin/room/v1/room_error_errors.pb.go:22.94,24.2 1 0
github.com/go-pantheon/janus/gen/api/server/room/admin/room/v1/room_error_errors.pb.go:26.52,27.16 1 0
github.com/go-pantheon/janus/gen/api/server/room/admin/room/v1/room_error_errors.pb.go:27.16,29.3 1 0
github.com/go-pantheon/janus/gen/api/server/room/admin/room/v1/room_error_errors.pb.go:30.2,31.100 2 0
github.com/go-pantheon/janus/gen/api/server/room/admin/room/v1/room_error_errors.pb.go:34.89,36.2 1 0
github.com/go-pantheon/janus/gen/api/server/room/admin/room/v1/room_error_errors.pb.go:38.54,39.16 1 0
github.com/go-pantheon/janus/gen/api/server/room/admin/room/v1/room_error_errors.pb.go:39.16,41.3 1 0
github.com/go-pantheon/janus/gen/api/server/room/admin/room/v1/room_error_errors.pb.go:42.2,43.103 2 0
github.com/go-pantheon/janus/gen/api/server/room/admin/room/v1/room_error_errors.pb.go:46.91,48.2 1 0
github.com/go-pantheon/janus/gen/api/server/room/admin/room/v1/room_grpc.pb.go:40.70,42.2 1 0
github.com/go-pantheon/janus/gen/api/server/room/admin/room/v1/room_grpc.pb.go:44.127,48.16 4 0
github.com/go-pantheon/janus/gen/api/server/room/admin/room/v1/room_grpc.pb.go:48.16,50.3 1 0
github.com/go-pantheon/janus/gen/api/server/room/admin/room/v1/room_grpc.pb.go:51.2,51.17 1 0
github.com/go-pantheon/janus/gen/api/server/room/admin/room/v1/room_grpc.pb.go:73.105,75.2 1 0
github.com/go-pantheon/janus/gen/api/server/room/admin/room/v1/room_grpc.pb.go:76.78,76.79 0 0
github.com/go-pantheon/janus/gen/api/server/room/admin/room/v1/room_grpc.pb.go:77.78,77.79 0 0
github.com/go-pantheon/janus/gen/api/server/room/admin/room/v1/room_grpc.pb.go:86.76,91.59 1 0
github.com/go-pantheon/janus/gen/api/server/room/admin/room/v1/room_grpc.pb.go:91.59,93.3 1 0
github.com/go-pantheon/janus/gen/api/server/room/admin/room/v1/room_grpc.pb.go:94.2,94.48 1 0
github.com/go-pantheon/janus/gen/api/server/room/admin/room/v1/room_grpc.pb.go:97.162,99.32 2 0
github.com/go-pantheon/janus/gen/api/server/room/admin/room/v1/room_grpc.pb.go:99.32,101.3 1 0
github.com/go-pantheon/janus/gen/api/server/room/admin/room/v1/room_grpc.pb.go:102.2,102.24 1 0
github.com/go-pantheon/janus/gen/api/server/room/admin/room/v1/room_grpc.pb.go:102.24,104.3 1 0
github.com/go-pantheon/janus/gen/api/server/room/admin/room/v1/room_grpc.pb.go:105.2,109.77 2 0
github.com/go-pantheon/janus/gen/api/server/room/admin/room/v1/room_grpc.pb.go:109.77,111.3 1 0
github.com/go-pantheon/janus/gen/api/server/room/admin/room/v1/room_grpc.pb.go:112.2,112.44 1 0
github.com/go-pantheon/janus/gen/api/server/room/admin/room/v1/room_http.pb.go:28.75,31.2 2 0
github.com/go-pantheon/janus/gen/api/server/room/admin/room/v1/room_http.pb.go:33.93,34.38 1 0
github.com/go-pantheon/janus/gen/api/server/room/admin/room/v1/room_http.pb.go:34.38,36.44 2 0
github.com/go-pantheon/janus/gen/api/server/room/admin/room/v1/room_http.pb.go:36.44,38.4 1 0
github.com/go-pantheon/janus/gen/api/server/room/admin/room/v1/room_http.pb.go:39.3,40.87 2 0
github.com/go-pantheon/janus/gen/api/server/room/admin/room/v1/room_http.pb.go:40.87,42.4 1 0
github.com/go-pantheon/janus/gen/api/server/room/admin/room/v1/room_http.pb.go:43.3,44.17 2 0
github.com/go-pantheon/janus/gen/api/server/room/admin/room/v1/room_http.pb.go:44.17,46.4 1 0
github.com/go-pantheon/janus/gen/api/server/room/admin/room/v1/room_http.pb.go:47.3,48.32 2 0
github.com/go-pantheon/janus/gen/api/server/room/admin/room/v1/room_http.pb.go:60.70,62.2 1 0
github.com/go-pantheon/janus/gen/api/server/room/admin/room/v1/room_http.pb.go:64.135,71.16 7 0
github.com/go-pantheon/janus/gen/api/server/room/admin/room/v1/room_http.pb.go:71.16,73.3 1 0
github.com/go-pantheon/janus/gen/api/server/room/admin/room/v1/room_http.pb.go:74.2,74.18 1 0
github.com/go-pantheon/janus/app/gate/internal/pkg/pool/packet.go:13.34,16.20 1 1
github.com/go-pantheon/janus/app/gate/internal/pkg/pool/packet.go:16.20,18.5 1 1000002
github.com/go-pantheon/janus/app/gate/internal/pkg/pool/packet.go:23.43,25.2 1 1000002
github.com/go-pantheon/janus/app/gate/internal/pkg/pool/packet.go:27.49,28.19 1 1000002
github.com/go-pantheon/janus/app/gate/internal/pkg/pool/packet.go:28.19,30.3 1 0
github.com/go-pantheon/janus/app/gate/internal/pkg/pool/packet.go:32.2,33.20 2 1000002
github.com/go-pantheon/janus/app/gate/internal/pkg/pool/packet.go:38.33,40.2 1 1000002
github.com/go-pantheon/janus/app/gate/internal/pkg/pool/packet.go:42.34,44.2 1 1000002
github.com/go-pantheon/janus/gen/api/client/packet/packet.pb.go:44.26,49.2 4 1000002
github.com/go-pantheon/janus/gen/api/client/packet/packet.pb.go:51.34,53.2 1 0
github.com/go-pantheon/janus/gen/api/client/packet/packet.pb.go:55.32,55.33 0 0
github.com/go-pantheon/janus/gen/api/client/packet/packet.pb.go:57.54,59.14 2 0
github.com/go-pantheon/janus/gen/api/client/packet/packet.pb.go:59.14,61.34 2 0
github.com/go-pantheon/janus/gen/api/client/packet/packet.pb.go:61.34,63.4 1 0
github.com/go-pantheon/janus/gen/api/client/packet/packet.pb.go:64.3,64.12 1 0
github.com/go-pantheon/janus/gen/api/client/packet/packet.pb.go:66.2,66.24 1 0
github.com/go-pantheon/janus/gen/api/client/packet/packet.pb.go:70.45,72.2 1 0
github.com/go-pantheon/janus/gen/api/client/packet/packet.pb.go:74.35,75.14 1 0
github.com/go-pantheon/janus/gen/api/client/packet/packet.pb.go:75.14,77.3 1 0
github.com/go-pantheon/janus/gen/api/client/packet/packet.pb.go:78.2,78.12 1 0
github.com/go-pantheon/janus/gen/api/client/packet/packet.pb.go:81.42,82.14 1 0
github.com/go-pantheon/janus/gen/api/client/packet/packet.pb.go:82.14,84.3 1 0
github.com/go-pantheon/janus/gen/api/client/packet/packet.pb.go:85.2,85.10 1 0
github.com/go-pantheon/janus/gen/api/client/packet/packet.pb.go:88.33,89.14 1 0
github.com/go-pantheon/janus/gen/api/client/packet/packet.pb.go:89.14,91.3 1 0
github.com/go-pantheon/janus/gen/api/client/packet/packet.pb.go:92.2,92.10 1 0
github.com/go-pantheon/janus/gen/api/client/packet/packet.pb.go:95.33,96.14 1 0
github.com/go-pantheon/janus/gen/api/client/packet/packet.pb.go:96.14,98.3 1 0
github.com/go-pantheon/janus/gen/api/client/packet/packet.pb.go:99.2,99.10 1 0
github.com/go-pantheon/janus/gen/api/client/packet/packet.pb.go:102.33,103.14 1 0
github.com/go-pantheon/janus/gen/api/client/packet/packet.pb.go:103.14,105.3 1 0
github.com/go-pantheon/janus/gen/api/client/packet/packet.pb.go:106.2,106.10 1 0
github.com/go-pantheon/janus/gen/api/client/packet/packet.pb.go:109.33,110.14 1 0
github.com/go-pantheon/janus/gen/api/client/packet/packet.pb.go:110.14,112.3 1 0
github.com/go-pantheon/janus/gen/api/client/packet/packet.pb.go:113.2,113.10 1 0
github.com/go-pantheon/janus/gen/api/client/packet/packet.pb.go:116.35,117.14 1 0
github.com/go-pantheon/janus/gen/api/client/packet/packet.pb.go:117.14,119.3 1 0
github.com/go-pantheon/janus/gen/api/client/packet/packet.pb.go:120.2,120.10 1 0
github.com/go-pantheon/janus/gen/api/client/packet/packet.pb.go:123.37,124.14 1 0
github.com/go-pantheon/janus/gen/api/client/packet/packet.pb.go:124.14,126.3 1 0
github.com/go-pantheon/janus/gen/api/client/packet/packet.pb.go:127.2,127.14 1 0
github.com/go-pantheon/janus/gen/api/client/packet/packet.pb.go:156.52,157.49 1 0
github.com/go-pantheon/janus/gen/api/client/packet/packet.pb.go:157.49,159.3 1 0
github.com/go-pantheon/janus/gen/api/client/packet/packet.pb.go:160.2,160.45 1 0
github.com/go-pantheon/janus/gen/api/client/packet/packet.pb.go:175.13,175.48 1 1
github.com/go-pantheon/janus/gen/api/client/packet/packet.pb.go:176.38,177.37 1 1
github.com/go-pantheon/janus/gen/api/client/packet/packet.pb.go:177.37,179.3 1 0
github.com/go-pantheon/janus/gen/api/client/packet/packet.pb.go:180.2,196.40 5 1
github.com/go-pantheon/janus/gen/api/client/packet/packet.pb.validate.go:41.35,43.2 1 0
github.com/go-pantheon/janus/gen/api/client/packet/packet.pb.validate.go:48.38,50.2 1 0
github.com/go-pantheon/janus/gen/api/client/packet/packet.pb.validate.go:52.43,53.14 1 0
github.com/go-pantheon/janus/gen/api/client/packet/packet.pb.validate.go:53.14,55.3 1 0
github.com/go-pantheon/janus/gen/api/client/packet/packet.pb.validate.go:57.2,75.21 2 0
github.com/go-pantheon/janus/gen/api/client/packet/packet.pb.validate.go:75.21,77.3 1 0
github.com/go-pantheon/janus/gen/api/client/packet/packet.pb.validate.go:79.2,79.12 1 0
github.com/go-pantheon/janus/gen/api/client/packet/packet.pb.validate.go:87.42,89.24 2 0
github.com/go-pantheon/janus/gen/api/client/packet/packet.pb.validate.go:89.24,91.3 1 0
github.com/go-pantheon/janus/gen/api/client/packet/packet.pb.validate.go:92.2,92.33 1 0
github.com/go-pantheon/janus/gen/api/client/packet/packet.pb.validate.go:96.47,96.59 1 0
github.com/go-pantheon/janus/gen/api/client/packet/packet.pb.validate.go:108.47,108.65 1 0
github.com/go-pantheon/janus/gen/api/client/packet/packet.pb.validate.go:111.48,111.67 1 0
github.com/go-pantheon/janus/gen/api/client/packet/packet.pb.validate.go:114.46,114.64 1 0
github.com/go-pantheon/janus/gen/api/client/packet/packet.pb.validate.go:117.43,117.59 1 0
github.com/go-pantheon/janus/gen/api/client/packet/packet.pb.validate.go:120.51,120.85 1 0
github.com/go-pantheon/janus/gen/api/client/packet/packet.pb.validate.go:123.47,125.20 2 0
github.com/go-pantheon/janus/gen/api/client/packet/packet.pb.validate.go:125.20,127.3 1 0
github.com/go-pantheon/janus/gen/api/client/packet/packet.pb.validate.go:129.2,130.11 2 0
github.com/go-pantheon/janus/gen/api/client/packet/packet.pb.validate.go:130.11,132.3 1 0
github.com/go-pantheon/janus/gen/api/client/packet/packet.pb.validate.go:134.2,139.9 1 0
